{"timestamp":"2025-10-31T08:18:08.913Z","level":"ERROR","message":"Discord client error:","error":"logger is not defined"}
{"timestamp":"2025-10-31T08:18:24.446Z","level":"ERROR","message":"Discord client error:","error":"logger is not defined"}
{"timestamp":"2025-10-31T08:33:50.944Z","level":"ERROR","message":"Discord client error:","error":"logger is not defined"}
{"timestamp":"2025-10-31T08:34:23.751Z","level":"ERROR","message":"Discord client error:","error":"logger is not defined"}
{"timestamp":"2025-10-31T08:36:29.597Z","level":"ERROR","message":"Discord client error:","error":"logger is not defined"}
{"timestamp":"2025-10-31T11:56:34.043Z","level":"ERROR","message":"[1761911792141_phi5mjupo] Failed to get video info:","error":"Command failed: yt-dlp https://tiktok.com/@definitelynotgrace2/video/7567348428229889301 --dump-json --no-warnings --socket-timeout 15 --impersonate Chrome-131:Android-14\nERROR: [TikTok] 7567348428229889301: Your IP address is blocked from accessing this post\n"}
{"timestamp":"2025-10-31T11:56:35.780Z","level":"ERROR","message":"[1761911792141_phi5mjupo] yt-dlp error:","error":"ERROR: [TikTok] 7567348428229889301: Your IP address is blocked from accessing this post\n"}
{"timestamp":"2025-10-31T11:56:35.853Z","level":"ERROR","message":"[1761911792141_phi5mjupo] yt-dlp download failed:","error":"yt-dlp exited with code 1"}
{"timestamp":"2025-10-31T11:56:38.432Z","level":"ERROR","message":"[1761911792141_phi5mjupo] TikTok API fallback failed:","error":"TikTok API returned invalid response"}
{"timestamp":"2025-10-31T11:56:41.199Z","level":"ERROR","message":"[1761911792141_phi5mjupo] Failed to get video info:","error":"Command failed: yt-dlp https://tiktok.com/@definitelynotgrace2/video/7567348428229889301 --dump-json --no-warnings --socket-timeout 15 --impersonate Chrome-131:Android-14\nERROR: [TikTok] 7567348428229889301: Your IP address is blocked from accessing this post\n"}
{"timestamp":"2025-10-31T11:56:43.039Z","level":"ERROR","message":"[1761911792141_phi5mjupo] yt-dlp error:","error":"ERROR: [TikTok] 7567348428229889301: Your IP address is blocked from accessing this post\n"}
{"timestamp":"2025-10-31T11:56:43.108Z","level":"ERROR","message":"[1761911792141_phi5mjupo] yt-dlp download failed:","error":"yt-dlp exited with code 1"}
{"timestamp":"2025-10-31T11:56:45.486Z","level":"ERROR","message":"[1761911792141_phi5mjupo] TikTok API fallback failed:","error":"TikTok API returned invalid response"}
{"timestamp":"2025-10-31T11:56:49.305Z","level":"ERROR","message":"[1761911792141_phi5mjupo] Failed to get video info:","error":"Command failed: yt-dlp https://tiktok.com/@definitelynotgrace2/video/7567348428229889301 --dump-json --no-warnings --socket-timeout 15 --impersonate Chrome-131:Android-14\nERROR: [TikTok] 7567348428229889301: Your IP address is blocked from accessing this post\n"}
{"timestamp":"2025-10-31T11:56:51.141Z","level":"ERROR","message":"[1761911792141_phi5mjupo] yt-dlp error:","error":"ERROR: [TikTok] 7567348428229889301: Your IP address is blocked from accessing this post\n"}
{"timestamp":"2025-10-31T11:56:51.219Z","level":"ERROR","message":"[1761911792141_phi5mjupo] yt-dlp download failed:","error":"yt-dlp exited with code 1"}
{"timestamp":"2025-10-31T11:56:53.700Z","level":"ERROR","message":"[1761911792141_phi5mjupo] TikTok API fallback failed:","error":"TikTok API returned invalid response"}
{"timestamp":"2025-10-31T11:56:56.064Z","level":"ERROR","message":"[1761911792141_phi5mjupo] TikTok API fallback failed:","error":"TikTok API returned invalid response"}
{"timestamp":"2025-10-31T11:56:56.064Z","level":"ERROR","message":"[1761911792141_phi5mjupo] All download methods failed"}
{"timestamp":"2025-10-31T11:56:58.927Z","level":"ERROR","message":"[1761911792141_phi5mjupo] Failed to get video info:","error":"Command failed: yt-dlp https://tiktok.com/@definitelynotgrace2/video/7567348428229889301 --dump-json --no-warnings --socket-timeout 15 --impersonate Chrome-131:Android-14\nERROR: [TikTok] 7567348428229889301: Your IP address is blocked from accessing this post\n"}
{"timestamp":"2025-10-31T11:57:00.700Z","level":"ERROR","message":"[1761911792141_phi5mjupo] yt-dlp error:","error":"ERROR: [TikTok] 7567348428229889301: Your IP address is blocked from accessing this post\n"}
{"timestamp":"2025-10-31T11:57:00.778Z","level":"ERROR","message":"[1761911792141_phi5mjupo] yt-dlp download failed:","error":"yt-dlp exited with code 1"}
{"timestamp":"2025-10-31T11:57:03.171Z","level":"ERROR","message":"[1761911792141_phi5mjupo] TikTok API fallback failed:","error":"TikTok API returned invalid response"}
{"timestamp":"2025-10-31T11:57:06.025Z","level":"ERROR","message":"[1761911792141_phi5mjupo] Failed to get video info:","error":"Command failed: yt-dlp https://tiktok.com/@definitelynotgrace2/video/7567348428229889301 --dump-json --no-warnings --socket-timeout 15 --impersonate Chrome-131:Android-14\nERROR: [TikTok] 7567348428229889301: Your IP address is blocked from accessing this post\n"}
{"timestamp":"2025-10-31T11:57:07.776Z","level":"ERROR","message":"[1761911792141_phi5mjupo] yt-dlp error:","error":"ERROR: [TikTok] 7567348428229889301: Your IP address is blocked from accessing this post\n"}
{"timestamp":"2025-10-31T11:57:07.850Z","level":"ERROR","message":"[1761911792141_phi5mjupo] yt-dlp download failed:","error":"yt-dlp exited with code 1"}
{"timestamp":"2025-10-31T11:57:10.391Z","level":"ERROR","message":"[1761911792141_phi5mjupo] TikTok API fallback failed:","error":"TikTok API returned invalid response"}
{"timestamp":"2025-10-31T11:57:14.226Z","level":"ERROR","message":"[1761911792141_phi5mjupo] Failed to get video info:","error":"Command failed: yt-dlp https://tiktok.com/@definitelynotgrace2/video/7567348428229889301 --dump-json --no-warnings --socket-timeout 15 --impersonate Chrome-131:Android-14\nERROR: [TikTok] 7567348428229889301: Your IP address is blocked from accessing this post\n"}
{"timestamp":"2025-10-31T11:57:15.943Z","level":"ERROR","message":"[1761911792141_phi5mjupo] yt-dlp error:","error":"ERROR: [TikTok] 7567348428229889301: Your IP address is blocked from accessing this post\n"}
{"timestamp":"2025-10-31T11:57:16.016Z","level":"ERROR","message":"[1761911792141_phi5mjupo] yt-dlp download failed:","error":"yt-dlp exited with code 1"}
{"timestamp":"2025-10-31T11:57:18.345Z","level":"ERROR","message":"[1761911792141_phi5mjupo] TikTok API fallback failed:","error":"TikTok API returned invalid response"}
{"timestamp":"2025-10-31T11:57:20.829Z","level":"ERROR","message":"[1761911792141_phi5mjupo] TikTok API fallback failed:","error":"TikTok API returned invalid response"}
{"timestamp":"2025-10-31T11:57:20.830Z","level":"ERROR","message":"[1761911792141_phi5mjupo] All download methods failed"}
{"timestamp":"2025-10-31T11:57:24.699Z","level":"ERROR","message":"[1761911792141_phi5mjupo] Failed to get video info:","error":"Command failed: yt-dlp https://tiktok.com/@definitelynotgrace2/video/7567348428229889301 --dump-json --no-warnings --socket-timeout 15 --impersonate Chrome-131:Android-14\nERROR: [TikTok] 7567348428229889301: Your IP address is blocked from accessing this post\n"}
{"timestamp":"2025-10-31T11:57:26.428Z","level":"ERROR","message":"[1761911792141_phi5mjupo] yt-dlp error:","error":"ERROR: [TikTok] 7567348428229889301: Your IP address is blocked from accessing this post\n"}
{"timestamp":"2025-10-31T11:57:26.502Z","level":"ERROR","message":"[1761911792141_phi5mjupo] yt-dlp download failed:","error":"yt-dlp exited with code 1"}
{"timestamp":"2025-10-31T11:57:28.930Z","level":"ERROR","message":"[1761911792141_phi5mjupo] TikTok API fallback failed:","error":"TikTok API returned invalid response"}
{"timestamp":"2025-10-31T11:57:31.641Z","level":"ERROR","message":"[1761911792141_phi5mjupo] Failed to get video info:","error":"Command failed: yt-dlp https://tiktok.com/@definitelynotgrace2/video/7567348428229889301 --dump-json --no-warnings --socket-timeout 15 --impersonate Chrome-131:Android-14\nERROR: [TikTok] 7567348428229889301: Your IP address is blocked from accessing this post\n"}
{"timestamp":"2025-10-31T11:57:33.388Z","level":"ERROR","message":"[1761911792141_phi5mjupo] yt-dlp error:","error":"ERROR: [TikTok] 7567348428229889301: Your IP address is blocked from accessing this post\n"}
{"timestamp":"2025-10-31T11:57:33.465Z","level":"ERROR","message":"[1761911792141_phi5mjupo] yt-dlp download failed:","error":"yt-dlp exited with code 1"}
{"timestamp":"2025-10-31T11:57:35.782Z","level":"ERROR","message":"[1761911792141_phi5mjupo] TikTok API fallback failed:","error":"TikTok API returned invalid response"}
{"timestamp":"2025-10-31T11:57:39.580Z","level":"ERROR","message":"[1761911792141_phi5mjupo] Failed to get video info:","error":"Command failed: yt-dlp https://tiktok.com/@definitelynotgrace2/video/7567348428229889301 --dump-json --no-warnings --socket-timeout 15 --impersonate Chrome-131:Android-14\nERROR: [TikTok] 7567348428229889301: Your IP address is blocked from accessing this post\n"}
{"timestamp":"2025-10-31T11:57:41.204Z","level":"ERROR","message":"[1761911792141_phi5mjupo] yt-dlp error:","error":"ERROR: [TikTok] 7567348428229889301: Your IP address is blocked from accessing this post\n"}
{"timestamp":"2025-10-31T11:57:41.311Z","level":"ERROR","message":"[1761911792141_phi5mjupo] yt-dlp download failed:","error":"yt-dlp exited with code 1"}
{"timestamp":"2025-10-31T11:57:43.716Z","level":"ERROR","message":"[1761911792141_phi5mjupo] TikTok API fallback failed:","error":"TikTok API returned invalid response"}
{"timestamp":"2025-10-31T11:57:46.342Z","level":"ERROR","message":"[1761911792141_phi5mjupo] TikTok API fallback failed:","error":"TikTok API returned invalid response"}
{"timestamp":"2025-10-31T11:57:46.342Z","level":"ERROR","message":"[1761911792141_phi5mjupo] All download methods failed"}
{"timestamp":"2025-10-31T11:57:52.220Z","level":"ERROR","message":"[1761911792141_phi5mjupo] Failed to get video info:","error":"Command failed: yt-dlp https://tiktok.com/@definitelynotgrace2/video/7567348428229889301 --dump-json --no-warnings --socket-timeout 15 --impersonate Chrome-131:Android-14\nERROR: [TikTok] 7567348428229889301: Your IP address is blocked from accessing this post\n"}
{"timestamp":"2025-10-31T11:57:53.916Z","level":"ERROR","message":"[1761911792141_phi5mjupo] yt-dlp error:","error":"ERROR: [TikTok] 7567348428229889301: Your IP address is blocked from accessing this post\n"}
{"timestamp":"2025-10-31T11:57:53.992Z","level":"ERROR","message":"[1761911792141_phi5mjupo] yt-dlp download failed:","error":"yt-dlp exited with code 1"}
{"timestamp":"2025-10-31T11:57:56.294Z","level":"ERROR","message":"[1761911792141_phi5mjupo] TikTok API fallback failed:","error":"TikTok API returned invalid response"}
{"timestamp":"2025-10-31T11:57:59.121Z","level":"ERROR","message":"[1761911792141_phi5mjupo] Failed to get video info:","error":"Command failed: yt-dlp https://tiktok.com/@definitelynotgrace2/video/7567348428229889301 --dump-json --no-warnings --socket-timeout 15 --impersonate Chrome-131:Android-14\nERROR: [TikTok] 7567348428229889301: Your IP address is blocked from accessing this post\n"}
{"timestamp":"2025-10-31T11:58:00.854Z","level":"ERROR","message":"[1761911792141_phi5mjupo] yt-dlp error:","error":"ERROR: [TikTok] 7567348428229889301: Your IP address is blocked from accessing this post\n"}
{"timestamp":"2025-10-31T11:58:00.929Z","level":"ERROR","message":"[1761911792141_phi5mjupo] yt-dlp download failed:","error":"yt-dlp exited with code 1"}
{"timestamp":"2025-10-31T11:58:03.439Z","level":"ERROR","message":"[1761911792141_phi5mjupo] TikTok API fallback failed:","error":"TikTok API returned invalid response"}
{"timestamp":"2025-10-31T11:58:07.242Z","level":"ERROR","message":"[1761911792141_phi5mjupo] Failed to get video info:","error":"Command failed: yt-dlp https://tiktok.com/@definitelynotgrace2/video/7567348428229889301 --dump-json --no-warnings --socket-timeout 15 --impersonate Chrome-131:Android-14\nERROR: [TikTok] 7567348428229889301: Your IP address is blocked from accessing this post\n"}
{"timestamp":"2025-10-31T11:58:09.042Z","level":"ERROR","message":"[1761911792141_phi5mjupo] yt-dlp error:","error":"ERROR: [TikTok] 7567348428229889301: Your IP address is blocked from accessing this post\n"}
{"timestamp":"2025-10-31T11:58:09.115Z","level":"ERROR","message":"[1761911792141_phi5mjupo] yt-dlp download failed:","error":"yt-dlp exited with code 1"}
{"timestamp":"2025-10-31T11:58:11.673Z","level":"ERROR","message":"[1761911792141_phi5mjupo] TikTok API fallback failed:","error":"TikTok API returned invalid response"}
{"timestamp":"2025-10-31T11:58:14.026Z","level":"ERROR","message":"[1761911792141_phi5mjupo] TikTok API fallback failed:","error":"TikTok API returned invalid response"}
{"timestamp":"2025-10-31T11:58:14.027Z","level":"ERROR","message":"[1761911792141_phi5mjupo] All download methods failed"}
{"timestamp":"2025-10-31T11:58:14.028Z","level":"ERROR","message":"[1761911792141_phi5mjupo] Download failed permanently:","error":"TikTok API returned invalid response"}
{"timestamp":"2025-10-31T17:36:15.799Z","level":"ERROR","message":"[1761932163438_du7mdq3i3] yt-dlp error:","error":"ERROR: unable to download video data: HTTP Error 499: None\n"}
{"timestamp":"2025-10-31T17:36:15.874Z","level":"ERROR","message":"[1761932163438_du7mdq3i3] yt-dlp download failed:","error":"yt-dlp exited with code 1"}
{"timestamp":"2025-10-31T17:53:08.398Z","level":"ERROR","message":"[1761933186578_d360msptj] Failed to get video info:","error":"Command failed: yt-dlp tiktok.com/@vghpir/video/7567445046769798418 --dump-json --no-warnings --socket-timeout 15 --impersonate Chrome-131:Android-14\nERROR: [TikTok] 7567445046769798418: This post may not be comfortable for some audiences. Log in for access. Use --cookies-from-browser or --cookies for the authentication. See  https://github.com/yt-dlp/yt-dlp/wiki/FAQ#how-do-i-pass-cookies-to-yt-dlp  for how to manually pass cookies\n"}
{"timestamp":"2025-10-31T17:53:10.473Z","level":"ERROR","message":"[1761933186578_d360msptj] yt-dlp error:","error":"ERROR: [TikTok] 7567445046769798418: Unable to extract webpage video data; please report this issue on  https://github.com/yt-dlp/yt-dlp/issues?q= , filling out the appropriate issue template. Confirm you are on the latest version using  yt-dlp -U\n"}
{"timestamp":"2025-10-31T17:53:10.551Z","level":"ERROR","message":"[1761933186578_d360msptj] yt-dlp download failed:","error":"yt-dlp exited with code 1"}
{"timestamp":"2025-11-01T08:52:54.063Z","level":"ERROR","message":"[1761987142836_hoivmsrmz] Failed to get video info:","error":"Command failed: yt-dlp https://www.snapchat.com/add/joury.alshehrii/nBvVkaGCRdCGp7GdLJE96AAAgd3FiZG56aGtjAZo80tCYAZo80jYgAAAAAA?share_id=CPDIbsJZubE&locale=ar-SA --dump-json --no-warnings --socket-timeout 15 --impersonate Chrome-131:Android-14\nERROR: [generic] Unable to download webpage: HTTP Error 504: Gateway Timeout (caused by <HTTPError 504: Gateway Timeout>)\n"}
{"timestamp":"2025-11-01T14:08:05.304Z","level":"ERROR","message":"[1762006082934_xplp5id10] Failed to get video info:","error":"Command failed: yt-dlp https://tiktok.com/@ltbuni/video/7567757769126808853 --dump-json --no-warnings --socket-timeout 15 --impersonate Chrome-131:Android-14\nERROR: [TikTok] 7567757769126808853: Your IP address is blocked from accessing this post\n"}
{"timestamp":"2025-11-01T14:08:07.136Z","level":"ERROR","message":"[1762006082934_xplp5id10] yt-dlp error:","error":"ERROR: [TikTok] 7567757769126808853: Your IP address is blocked from accessing this post\n"}
{"timestamp":"2025-11-01T14:08:07.210Z","level":"ERROR","message":"[1762006082934_xplp5id10] yt-dlp download failed:","error":"yt-dlp exited with code 1"}
{"timestamp":"2025-11-01T14:08:10.097Z","level":"ERROR","message":"[1762006082934_xplp5id10] TikTok API fallback failed:","error":"TikTok API returned invalid response"}
{"timestamp":"2025-11-01T14:08:13.043Z","level":"ERROR","message":"[1762006082934_xplp5id10] Failed to get video info:","error":"Command failed: yt-dlp https://tiktok.com/@ltbuni/video/7567757769126808853 --dump-json --no-warnings --socket-timeout 15 --impersonate Chrome-131:Android-14\nERROR: [TikTok] 7567757769126808853: Your IP address is blocked from accessing this post\n"}
{"timestamp":"2025-11-01T14:08:14.765Z","level":"ERROR","message":"[1762006082934_xplp5id10] yt-dlp error:","error":"ERROR: [TikTok] 7567757769126808853: Your IP address is blocked from accessing this post\n"}
{"timestamp":"2025-11-01T14:08:14.835Z","level":"ERROR","message":"[1762006082934_xplp5id10] yt-dlp download failed:","error":"yt-dlp exited with code 1"}
{"timestamp":"2025-11-01T14:08:18.053Z","level":"ERROR","message":"[1762006082934_xplp5id10] TikTok API fallback failed:","error":"TikTok API returned invalid response"}
{"timestamp":"2025-11-01T14:08:22.265Z","level":"ERROR","message":"[1762006082934_xplp5id10] Failed to get video info:","error":"Command failed: yt-dlp https://tiktok.com/@ltbuni/video/7567757769126808853 --dump-json --no-warnings --socket-timeout 15 --impersonate Chrome-131:Android-14\nERROR: [TikTok] 7567757769126808853: Your IP address is blocked from accessing this post\n"}
{"timestamp":"2025-11-01T14:08:25.537Z","level":"ERROR","message":"[1762006082934_xplp5id10] yt-dlp error:","error":"ERROR: [TikTok] 7567757769126808853: Your IP address is blocked from accessing this post\n"}
{"timestamp":"2025-11-01T14:08:25.609Z","level":"ERROR","message":"[1762006082934_xplp5id10] yt-dlp download failed:","error":"yt-dlp exited with code 1"}
{"timestamp":"2025-11-01T14:08:28.339Z","level":"ERROR","message":"[1762006082934_xplp5id10] TikTok API fallback failed:","error":"TikTok API returned invalid response"}
{"timestamp":"2025-11-01T14:08:31.160Z","level":"ERROR","message":"[1762006082934_xplp5id10] TikTok API fallback failed:","error":"TikTok API returned invalid response"}
{"timestamp":"2025-11-01T14:08:31.160Z","level":"ERROR","message":"[1762006082934_xplp5id10] All download methods failed"}
{"timestamp":"2025-11-01T14:08:34.060Z","level":"ERROR","message":"[1762006082934_xplp5id10] Failed to get video info:","error":"Command failed: yt-dlp https://tiktok.com/@ltbuni/video/7567757769126808853 --dump-json --no-warnings --socket-timeout 15 --impersonate Chrome-131:Android-14\nERROR: [TikTok] 7567757769126808853: Your IP address is blocked from accessing this post\n"}
{"timestamp":"2025-11-01T14:08:35.901Z","level":"ERROR","message":"[1762006082934_xplp5id10] yt-dlp error:","error":"ERROR: [TikTok] 7567757769126808853: Your IP address is blocked from accessing this post\n"}
{"timestamp":"2025-11-01T14:08:35.978Z","level":"ERROR","message":"[1762006082934_xplp5id10] yt-dlp download failed:","error":"yt-dlp exited with code 1"}
{"timestamp":"2025-11-01T14:08:38.715Z","level":"ERROR","message":"[1762006082934_xplp5id10] TikTok API fallback failed:","error":"TikTok API returned invalid response"}
{"timestamp":"2025-11-01T14:08:41.754Z","level":"ERROR","message":"[1762006082934_xplp5id10] Failed to get video info:","error":"Command failed: yt-dlp https://tiktok.com/@ltbuni/video/7567757769126808853 --dump-json --no-warnings --socket-timeout 15 --impersonate Chrome-131:Android-14\nERROR: [TikTok] 7567757769126808853: Your IP address is blocked from accessing this post\n"}
{"timestamp":"2025-11-01T14:08:43.637Z","level":"ERROR","message":"[1762006082934_xplp5id10] yt-dlp error:","error":"ERROR: [TikTok] 7567757769126808853: Your IP address is blocked from accessing this post\n"}
{"timestamp":"2025-11-01T14:08:43.746Z","level":"ERROR","message":"[1762006082934_xplp5id10] yt-dlp download failed:","error":"yt-dlp exited with code 1"}
{"timestamp":"2025-11-01T14:08:47.427Z","level":"ERROR","message":"[1762006082934_xplp5id10] TikTok API fallback failed:","error":"TikTok API returned invalid response"}
{"timestamp":"2025-11-01T14:08:51.278Z","level":"ERROR","message":"[1762006082934_xplp5id10] Failed to get video info:","error":"Command failed: yt-dlp https://tiktok.com/@ltbuni/video/7567757769126808853 --dump-json --no-warnings --socket-timeout 15 --impersonate Chrome-131:Android-14\nERROR: [TikTok] 7567757769126808853: Your IP address is blocked from accessing this post\n"}
{"timestamp":"2025-11-01T14:08:53.138Z","level":"ERROR","message":"[1762006082934_xplp5id10] yt-dlp error:","error":"ERROR: [TikTok] 7567757769126808853: Your IP address is blocked from accessing this post\n"}
{"timestamp":"2025-11-01T14:08:53.207Z","level":"ERROR","message":"[1762006082934_xplp5id10] yt-dlp download failed:","error":"yt-dlp exited with code 1"}
{"timestamp":"2025-11-01T14:08:56.428Z","level":"ERROR","message":"[1762006082934_xplp5id10] TikTok API fallback failed:","error":"TikTok API returned invalid response"}
{"timestamp":"2025-11-01T14:08:59.159Z","level":"ERROR","message":"[1762006082934_xplp5id10] TikTok API fallback failed:","error":"TikTok API returned invalid response"}
{"timestamp":"2025-11-01T14:08:59.159Z","level":"ERROR","message":"[1762006082934_xplp5id10] All download methods failed"}
{"timestamp":"2025-11-01T14:09:03.335Z","level":"ERROR","message":"[1762006082934_xplp5id10] Failed to get video info:","error":"Command failed: yt-dlp https://tiktok.com/@ltbuni/video/7567757769126808853 --dump-json --no-warnings --socket-timeout 15 --impersonate Chrome-131:Android-14\nERROR: [TikTok] 7567757769126808853: Your IP address is blocked from accessing this post\n"}
{"timestamp":"2025-11-01T14:09:05.197Z","level":"ERROR","message":"[1762006082934_xplp5id10] yt-dlp error:","error":"ERROR: [TikTok] 7567757769126808853: Your IP address is blocked from accessing this post\n"}
{"timestamp":"2025-11-01T14:09:05.274Z","level":"ERROR","message":"[1762006082934_xplp5id10] yt-dlp download failed:","error":"yt-dlp exited with code 1"}
{"timestamp":"2025-11-01T14:09:07.994Z","level":"ERROR","message":"[1762006082934_xplp5id10] TikTok API fallback failed:","error":"TikTok API returned invalid response"}
{"timestamp":"2025-11-01T14:09:10.943Z","level":"ERROR","message":"[1762006082934_xplp5id10] Failed to get video info:","error":"Command failed: yt-dlp https://tiktok.com/@ltbuni/video/7567757769126808853 --dump-json --no-warnings --socket-timeout 15 --impersonate Chrome-131:Android-14\nERROR: [TikTok] 7567757769126808853: Your IP address is blocked from accessing this post\n"}
{"timestamp":"2025-11-01T14:09:13.138Z","level":"ERROR","message":"[1762006082934_xplp5id10] yt-dlp error:","error":"ERROR: [TikTok] 7567757769126808853: Your IP address is blocked from accessing this post\n"}
{"timestamp":"2025-11-01T14:09:13.207Z","level":"ERROR","message":"[1762006082934_xplp5id10] yt-dlp download failed:","error":"yt-dlp exited with code 1"}
{"timestamp":"2025-11-01T14:09:15.940Z","level":"ERROR","message":"[1762006082934_xplp5id10] TikTok API fallback failed:","error":"TikTok API returned invalid response"}
{"timestamp":"2025-11-01T14:09:19.831Z","level":"ERROR","message":"[1762006082934_xplp5id10] Failed to get video info:","error":"Command failed: yt-dlp https://tiktok.com/@ltbuni/video/7567757769126808853 --dump-json --no-warnings --socket-timeout 15 --impersonate Chrome-131:Android-14\nERROR: [TikTok] 7567757769126808853: Your IP address is blocked from accessing this post\n"}
{"timestamp":"2025-11-01T14:09:21.778Z","level":"ERROR","message":"[1762006082934_xplp5id10] yt-dlp error:","error":"ERROR: [TikTok] 7567757769126808853: Your IP address is blocked from accessing this post\n"}
{"timestamp":"2025-11-01T14:09:21.850Z","level":"ERROR","message":"[1762006082934_xplp5id10] yt-dlp download failed:","error":"yt-dlp exited with code 1"}
{"timestamp":"2025-11-01T14:09:24.890Z","level":"ERROR","message":"[1762006082934_xplp5id10] TikTok API fallback failed:","error":"TikTok API returned invalid response"}
{"timestamp":"2025-11-01T14:09:27.945Z","level":"ERROR","message":"[1762006082934_xplp5id10] TikTok API fallback failed:","error":"TikTok API returned invalid response"}
{"timestamp":"2025-11-01T14:09:27.945Z","level":"ERROR","message":"[1762006082934_xplp5id10] All download methods failed"}
{"timestamp":"2025-11-01T14:09:33.814Z","level":"ERROR","message":"[1762006082934_xplp5id10] Failed to get video info:","error":"Command failed: yt-dlp https://tiktok.com/@ltbuni/video/7567757769126808853 --dump-json --no-warnings --socket-timeout 15 --impersonate Chrome-131:Android-14\nERROR: [TikTok] 7567757769126808853: Your IP address is blocked from accessing this post\n"}
{"timestamp":"2025-11-01T14:09:35.842Z","level":"ERROR","message":"[1762006082934_xplp5id10] yt-dlp error:","error":"ERROR: [TikTok] 7567757769126808853: Your IP address is blocked from accessing this post\n"}
{"timestamp":"2025-11-01T14:09:35.913Z","level":"ERROR","message":"[1762006082934_xplp5id10] yt-dlp download failed:","error":"yt-dlp exited with code 1"}
{"timestamp":"2025-11-01T14:09:38.781Z","level":"ERROR","message":"[1762006082934_xplp5id10] TikTok API fallback failed:","error":"TikTok API returned invalid response"}
{"timestamp":"2025-11-01T14:09:41.827Z","level":"ERROR","message":"[1762006082934_xplp5id10] Failed to get video info:","error":"Command failed: yt-dlp https://tiktok.com/@ltbuni/video/7567757769126808853 --dump-json --no-warnings --socket-timeout 15 --impersonate Chrome-131:Android-14\nERROR: [TikTok] 7567757769126808853: Your IP address is blocked from accessing this post\n"}
{"timestamp":"2025-11-01T14:09:43.631Z","level":"ERROR","message":"[1762006082934_xplp5id10] yt-dlp error:","error":"ERROR: [TikTok] 7567757769126808853: Your IP address is blocked from accessing this post\n"}
{"timestamp":"2025-11-01T14:09:43.706Z","level":"ERROR","message":"[1762006082934_xplp5id10] yt-dlp download failed:","error":"yt-dlp exited with code 1"}
{"timestamp":"2025-11-01T14:09:46.855Z","level":"ERROR","message":"[1762006082934_xplp5id10] TikTok API fallback failed:","error":"TikTok API returned invalid response"}
{"timestamp":"2025-11-01T14:09:50.727Z","level":"ERROR","message":"[1762006082934_xplp5id10] Failed to get video info:","error":"Command failed: yt-dlp https://tiktok.com/@ltbuni/video/7567757769126808853 --dump-json --no-warnings --socket-timeout 15 --impersonate Chrome-131:Android-14\nERROR: [TikTok] 7567757769126808853: Your IP address is blocked from accessing this post\n"}
{"timestamp":"2025-11-01T14:09:52.670Z","level":"ERROR","message":"[1762006082934_xplp5id10] yt-dlp error:","error":"ERROR: [TikTok] 7567757769126808853: Your IP address is blocked from accessing this post\n"}
{"timestamp":"2025-11-01T14:09:52.743Z","level":"ERROR","message":"[1762006082934_xplp5id10] yt-dlp download failed:","error":"yt-dlp exited with code 1"}
{"timestamp":"2025-11-01T14:09:55.654Z","level":"ERROR","message":"[1762006082934_xplp5id10] TikTok API fallback failed:","error":"TikTok API returned invalid response"}
{"timestamp":"2025-11-01T14:09:58.336Z","level":"ERROR","message":"[1762006082934_xplp5id10] TikTok API fallback failed:","error":"TikTok API returned invalid response"}
{"timestamp":"2025-11-01T14:09:58.337Z","level":"ERROR","message":"[1762006082934_xplp5id10] All download methods failed"}
{"timestamp":"2025-11-01T14:09:58.337Z","level":"ERROR","message":"❌ Download failed for https://tiktok.com/@ltbuni/video/7567757769126808853: TikTok API returned invalid response"}
{"timestamp":"2025-11-01T14:09:58.338Z","level":"ERROR","message":"[1762006082934_xplp5id10] Download failed permanently:","error":"TikTok API returned invalid response"}
{"timestamp":"2025-11-01T14:27:15.618Z","level":"ERROR","message":"[1762007233698_vo477mlxh] Failed to get video info:","error":"Command failed: yt-dlp tiktok.com/@_kitt22/video/7567762872298753287 --dump-json --no-warnings --socket-timeout 15 --impersonate Chrome-131:Android-14\nERROR: [TikTok] 7567762872298753287: This post may not be comfortable for some audiences. Log in for access. Use --cookies-from-browser or --cookies for the authentication. See  https://github.com/yt-dlp/yt-dlp/wiki/FAQ#how-do-i-pass-cookies-to-yt-dlp  for how to manually pass cookies\n"}
{"timestamp":"2025-11-01T14:27:17.435Z","level":"ERROR","message":"[1762007233698_vo477mlxh] yt-dlp error:","error":"ERROR: [TikTok] 7567762872298753287: This post may not be comfortable for some audiences. Log in for access. Use --cookies-from-browser or --cookies for the authentication. See  https://github.com/yt-dlp/yt-dlp/wiki/FAQ#how-do-i-pass-cookies-to-yt-dlp  for how to manually pass cookies\n"}
{"timestamp":"2025-11-01T14:27:17.540Z","level":"ERROR","message":"[1762007233698_vo477mlxh] yt-dlp download failed:","error":"yt-dlp exited with code 1"}
{"timestamp":"2025-11-01T16:18:27.309Z","level":"ERROR","message":"[1762013905435_k4m1a7dgp] Failed to get video info:","error":"Command failed: yt-dlp tiktok.com/@vghpir/video/7567791456694390023 --dump-json --no-warnings --socket-timeout 15 --impersonate Chrome-131:Android-14\nERROR: [TikTok] 7567791456694390023: This post may not be comfortable for some audiences. Log in for access. Use --cookies-from-browser or --cookies for the authentication. See  https://github.com/yt-dlp/yt-dlp/wiki/FAQ#how-do-i-pass-cookies-to-yt-dlp  for how to manually pass cookies\n"}
{"timestamp":"2025-11-01T16:18:29.056Z","level":"ERROR","message":"[1762013905435_k4m1a7dgp] yt-dlp error:","error":"ERROR: [TikTok] 7567791456694390023: This post may not be comfortable for some audiences. Log in for access. Use --cookies-from-browser or --cookies for the authentication. See  https://github.com/yt-dlp/yt-dlp/wiki/FAQ#how-do-i-pass-cookies-to-yt-dlp  for how to manually pass cookies\n"}
{"timestamp":"2025-11-01T16:18:29.132Z","level":"ERROR","message":"[1762013905435_k4m1a7dgp] yt-dlp download failed:","error":"yt-dlp exited with code 1"}
{"timestamp":"2025-11-01T16:48:48.577Z","level":"ERROR","message":"[1762015726669_ykk0vcj3w] Failed to get video info:","error":"Command failed: yt-dlp tiktok.com/@_kitt22/video/7567799407576386834 --dump-json --no-warnings --socket-timeout 15 --impersonate Chrome-131:Android-14\nERROR: [TikTok] 7567799407576386834: This post may not be comfortable for some audiences. Log in for access. Use --cookies-from-browser or --cookies for the authentication. See  https://github.com/yt-dlp/yt-dlp/wiki/FAQ#how-do-i-pass-cookies-to-yt-dlp  for how to manually pass cookies\n"}
{"timestamp":"2025-11-01T16:48:50.372Z","level":"ERROR","message":"[1762015726669_ykk0vcj3w] yt-dlp error:","error":"ERROR: [TikTok] 7567799407576386834: This post may not be comfortable for some audiences. Log in for access. Use --cookies-from-browser or --cookies for the authentication. See  https://github.com/yt-dlp/yt-dlp/wiki/FAQ#how-do-i-pass-cookies-to-yt-dlp  for how to manually pass cookies\n"}
{"timestamp":"2025-11-01T16:48:50.445Z","level":"ERROR","message":"[1762015726669_ykk0vcj3w] yt-dlp download failed:","error":"yt-dlp exited with code 1"}
{"timestamp":"2025-11-01T18:32:37.245Z","level":"ERROR","message":"[1762021955341_7x6a6ieu1] Failed to get video info:","error":"Command failed: yt-dlp tiktok.com/@_kitt22/video/7567826141214493960 --dump-json --no-warnings --socket-timeout 15 --impersonate Chrome-131:Android-14\nERROR: [TikTok] 7567826141214493960: This post may not be comfortable for some audiences. Log in for access. Use --cookies-from-browser or --cookies for the authentication. See  https://github.com/yt-dlp/yt-dlp/wiki/FAQ#how-do-i-pass-cookies-to-yt-dlp  for how to manually pass cookies\n"}
{"timestamp":"2025-11-01T18:32:39.132Z","level":"ERROR","message":"[1762021955341_7x6a6ieu1] yt-dlp error:","error":"ERROR: [TikTok] 7567826141214493960: This post may not be comfortable for some audiences. Log in for access. Use --cookies-from-browser or --cookies for the authentication. See  https://github.com/yt-dlp/yt-dlp/wiki/FAQ#how-do-i-pass-cookies-to-yt-dlp  for how to manually pass cookies\n"}
{"timestamp":"2025-11-01T18:32:39.204Z","level":"ERROR","message":"[1762021955341_7x6a6ieu1] yt-dlp download failed:","error":"yt-dlp exited with code 1"}
{"timestamp":"2025-11-01T19:23:46.408Z","level":"ERROR","message":"[1762025024031_6bve06x25] Failed to get video info:","error":"Command failed: yt-dlp tiktok.com/@owks.90/video/7567839452735835399 --dump-json --no-warnings --socket-timeout 15 --impersonate Chrome-131:Android-14\nERROR: [TikTok] 7567839452735835399: Video not available, status code 10101; please report this issue on  https://github.com/yt-dlp/yt-dlp/issues?q= , filling out the appropriate issue template. Confirm you are on the latest version using  yt-dlp -U\n"}
{"timestamp":"2025-11-01T20:24:50.656Z","level":"ERROR","message":"[1762028688516_0zirhvpp4] Failed to get video info:","error":"Command failed: yt-dlp https://tiktok.com/@1x666x/video/7567855057928981768 --dump-json --no-warnings --socket-timeout 15 --impersonate Chrome-131:Android-14\nERROR: [TikTok] 7567855057928981768: This post may not be comfortable for some audiences. Log in for access. Use --cookies-from-browser or --cookies for the authentication. See  https://github.com/yt-dlp/yt-dlp/wiki/FAQ#how-do-i-pass-cookies-to-yt-dlp  for how to manually pass cookies\n"}
{"timestamp":"2025-11-01T20:24:52.430Z","level":"ERROR","message":"[1762028688516_0zirhvpp4] yt-dlp error:","error":"ERROR: [TikTok] 7567855057928981768: This post may not be comfortable for some audiences. Log in for access. Use --cookies-from-browser or --cookies for the authentication. See  https://github.com/yt-dlp/yt-dlp/wiki/FAQ#how-do-i-pass-cookies-to-yt-dlp  for how to manually pass cookies\n"}
{"timestamp":"2025-11-01T20:24:52.506Z","level":"ERROR","message":"[1762028688516_0zirhvpp4] yt-dlp download failed:","error":"yt-dlp exited with code 1"}
{"timestamp":"2025-11-02T04:11:56.793Z","level":"ERROR","message":"[1762056715029_bssyfa9wi] Failed to get video info:","error":"Command failed: yt-dlp tiktok.com/@iiiii7.i/video/7567975434541894930 --dump-json --no-warnings --socket-timeout 15 --impersonate Chrome-131:Android-14\nERROR: [TikTok] 7567975434541894930: This post may not be comfortable for some audiences. Log in for access. Use --cookies-from-browser or --cookies for the authentication. See  https://github.com/yt-dlp/yt-dlp/wiki/FAQ#how-do-i-pass-cookies-to-yt-dlp  for how to manually pass cookies\n"}
{"timestamp":"2025-11-02T04:11:58.454Z","level":"ERROR","message":"[1762056715029_bssyfa9wi] yt-dlp error:","error":"ERROR: [TikTok] 7567975434541894930: This post may not be comfortable for some audiences. Log in for access. Use --cookies-from-browser or --cookies for the authentication. See  https://github.com/yt-dlp/yt-dlp/wiki/FAQ#how-do-i-pass-cookies-to-yt-dlp  for how to manually pass cookies\n"}
{"timestamp":"2025-11-02T04:11:58.531Z","level":"ERROR","message":"[1762056715029_bssyfa9wi] yt-dlp download failed:","error":"yt-dlp exited with code 1"}
{"timestamp":"2025-11-02T05:18:51.441Z","level":"ERROR","message":"[1762060731111_u1tx5m6tw] Failed to get video info:","error":"Command failed: yt-dlp https://twitter.com/exxj00/status/1983988330862915921 --dump-json --no-warnings --socket-timeout 15 --impersonate Chrome-131:Windows-10\nTraceback (most recent call last):\n  File \"/usr/local/bin/yt-dlp\", line 8, in <module>\n    sys.exit(main())\n  File \"/usr/local/lib/python3.10/dist-packages/yt_dlp/__init__.py\", line 1066, in main\n    _exit(*variadic(_real_main(argv)))\n  File \"/usr/local/lib/python3.10/dist-packages/yt_dlp/__init__.py\", line 968, in _real_main\n    with YoutubeDL(ydl_opts) as ydl:\n  File \"/usr/local/lib/python3.10/dist-packages/yt_dlp/YoutubeDL.py\", line 743, in __init__\n    raise YoutubeDLError(\nyt_dlp.utils.YoutubeDLError: Impersonate target \"chrome-131:windows-10\" is not available. Use --list-impersonate-targets to see available targets. You may be missing dependencies required to support this target.\n"}
{"timestamp":"2025-11-02T05:18:51.749Z","level":"ERROR","message":"[1762060731111_u1tx5m6tw] yt-dlp download failed:","error":"yt-dlp exited with code 1"}
{"timestamp":"2025-11-02T05:18:53.050Z","level":"ERROR","message":"[1762060731111_u1tx5m6tw] Failed to get video info:","error":"Command failed: yt-dlp https://twitter.com/exxj00/status/1983988330862915921 --dump-json --no-warnings --socket-timeout 15 --impersonate Chrome-131:Windows-10\nTraceback (most recent call last):\n  File \"/usr/local/bin/yt-dlp\", line 8, in <module>\n    sys.exit(main())\n  File \"/usr/local/lib/python3.10/dist-packages/yt_dlp/__init__.py\", line 1066, in main\n    _exit(*variadic(_real_main(argv)))\n  File \"/usr/local/lib/python3.10/dist-packages/yt_dlp/__init__.py\", line 968, in _real_main\n    with YoutubeDL(ydl_opts) as ydl:\n  File \"/usr/local/lib/python3.10/dist-packages/yt_dlp/YoutubeDL.py\", line 743, in __init__\n    raise YoutubeDLError(\nyt_dlp.utils.YoutubeDLError: Impersonate target \"chrome-131:windows-10\" is not available. Use --list-impersonate-targets to see available targets. You may be missing dependencies required to support this target.\n"}
{"timestamp":"2025-11-02T05:18:53.352Z","level":"ERROR","message":"[1762060731111_u1tx5m6tw] yt-dlp download failed:","error":"yt-dlp exited with code 1"}
{"timestamp":"2025-11-02T05:18:55.657Z","level":"ERROR","message":"[1762060731111_u1tx5m6tw] Failed to get video info:","error":"Command failed: yt-dlp https://twitter.com/exxj00/status/1983988330862915921 --dump-json --no-warnings --socket-timeout 15 --impersonate Chrome-131:Windows-10\nTraceback (most recent call last):\n  File \"/usr/local/bin/yt-dlp\", line 8, in <module>\n    sys.exit(main())\n  File \"/usr/local/lib/python3.10/dist-packages/yt_dlp/__init__.py\", line 1066, in main\n    _exit(*variadic(_real_main(argv)))\n  File \"/usr/local/lib/python3.10/dist-packages/yt_dlp/__init__.py\", line 968, in _real_main\n    with YoutubeDL(ydl_opts) as ydl:\n  File \"/usr/local/lib/python3.10/dist-packages/yt_dlp/YoutubeDL.py\", line 743, in __init__\n    raise YoutubeDLError(\nyt_dlp.utils.YoutubeDLError: Impersonate target \"chrome-131:windows-10\" is not available. Use --list-impersonate-targets to see available targets. You may be missing dependencies required to support this target.\n"}
{"timestamp":"2025-11-02T05:18:55.962Z","level":"ERROR","message":"[1762060731111_u1tx5m6tw] yt-dlp download failed:","error":"yt-dlp exited with code 1"}
{"timestamp":"2025-11-02T05:18:57.273Z","level":"ERROR","message":"[1762060731111_u1tx5m6tw] Failed to get video info:","error":"Command failed: yt-dlp https://twitter.com/exxj00/status/1983988330862915921 --dump-json --no-warnings --socket-timeout 15 --impersonate Chrome-131:Windows-10\nTraceback (most recent call last):\n  File \"/usr/local/bin/yt-dlp\", line 8, in <module>\n    sys.exit(main())\n  File \"/usr/local/lib/python3.10/dist-packages/yt_dlp/__init__.py\", line 1066, in main\n    _exit(*variadic(_real_main(argv)))\n  File \"/usr/local/lib/python3.10/dist-packages/yt_dlp/__init__.py\", line 968, in _real_main\n    with YoutubeDL(ydl_opts) as ydl:\n  File \"/usr/local/lib/python3.10/dist-packages/yt_dlp/YoutubeDL.py\", line 743, in __init__\n    raise YoutubeDLError(\nyt_dlp.utils.YoutubeDLError: Impersonate target \"chrome-131:windows-10\" is not available. Use --list-impersonate-targets to see available targets. You may be missing dependencies required to support this target.\n"}
{"timestamp":"2025-11-02T05:18:57.580Z","level":"ERROR","message":"[1762060731111_u1tx5m6tw] yt-dlp download failed:","error":"yt-dlp exited with code 1"}
{"timestamp":"2025-11-02T05:18:58.886Z","level":"ERROR","message":"[1762060731111_u1tx5m6tw] Failed to get video info:","error":"Command failed: yt-dlp https://twitter.com/exxj00/status/1983988330862915921 --dump-json --no-warnings --socket-timeout 15 --impersonate Chrome-131:Windows-10\nTraceback (most recent call last):\n  File \"/usr/local/bin/yt-dlp\", line 8, in <module>\n    sys.exit(main())\n  File \"/usr/local/lib/python3.10/dist-packages/yt_dlp/__init__.py\", line 1066, in main\n    _exit(*variadic(_real_main(argv)))\n  File \"/usr/local/lib/python3.10/dist-packages/yt_dlp/__init__.py\", line 968, in _real_main\n    with YoutubeDL(ydl_opts) as ydl:\n  File \"/usr/local/lib/python3.10/dist-packages/yt_dlp/YoutubeDL.py\", line 743, in __init__\n    raise YoutubeDLError(\nyt_dlp.utils.YoutubeDLError: Impersonate target \"chrome-131:windows-10\" is not available. Use --list-impersonate-targets to see available targets. You may be missing dependencies required to support this target.\n"}
{"timestamp":"2025-11-02T05:18:59.193Z","level":"ERROR","message":"[1762060731111_u1tx5m6tw] yt-dlp download failed:","error":"yt-dlp exited with code 1"}
{"timestamp":"2025-11-02T05:19:01.524Z","level":"ERROR","message":"[1762060731111_u1tx5m6tw] Failed to get video info:","error":"Command failed: yt-dlp https://twitter.com/exxj00/status/1983988330862915921 --dump-json --no-warnings --socket-timeout 15 --impersonate Chrome-131:Windows-10\nTraceback (most recent call last):\n  File \"/usr/local/bin/yt-dlp\", line 8, in <module>\n    sys.exit(main())\n  File \"/usr/local/lib/python3.10/dist-packages/yt_dlp/__init__.py\", line 1066, in main\n    _exit(*variadic(_real_main(argv)))\n  File \"/usr/local/lib/python3.10/dist-packages/yt_dlp/__init__.py\", line 968, in _real_main\n    with YoutubeDL(ydl_opts) as ydl:\n  File \"/usr/local/lib/python3.10/dist-packages/yt_dlp/YoutubeDL.py\", line 743, in __init__\n    raise YoutubeDLError(\nyt_dlp.utils.YoutubeDLError: Impersonate target \"chrome-131:windows-10\" is not available. Use --list-impersonate-targets to see available targets. You may be missing dependencies required to support this target.\n"}
{"timestamp":"2025-11-02T05:19:01.852Z","level":"ERROR","message":"[1762060731111_u1tx5m6tw] yt-dlp download failed:","error":"yt-dlp exited with code 1"}
{"timestamp":"2025-11-02T05:19:04.229Z","level":"ERROR","message":"[1762060731111_u1tx5m6tw] Failed to get video info:","error":"Command failed: yt-dlp https://twitter.com/exxj00/status/1983988330862915921 --dump-json --no-warnings --socket-timeout 15 --impersonate Chrome-131:Windows-10\nTraceback (most recent call last):\n  File \"/usr/local/bin/yt-dlp\", line 8, in <module>\n    sys.exit(main())\n  File \"/usr/local/lib/python3.10/dist-packages/yt_dlp/__init__.py\", line 1066, in main\n    _exit(*variadic(_real_main(argv)))\n  File \"/usr/local/lib/python3.10/dist-packages/yt_dlp/__init__.py\", line 968, in _real_main\n    with YoutubeDL(ydl_opts) as ydl:\n  File \"/usr/local/lib/python3.10/dist-packages/yt_dlp/YoutubeDL.py\", line 743, in __init__\n    raise YoutubeDLError(\nyt_dlp.utils.YoutubeDLError: Impersonate target \"chrome-131:windows-10\" is not available. Use --list-impersonate-targets to see available targets. You may be missing dependencies required to support this target.\n"}
{"timestamp":"2025-11-02T05:19:04.560Z","level":"ERROR","message":"[1762060731111_u1tx5m6tw] yt-dlp download failed:","error":"yt-dlp exited with code 1"}
{"timestamp":"2025-11-02T05:19:05.867Z","level":"ERROR","message":"[1762060731111_u1tx5m6tw] Failed to get video info:","error":"Command failed: yt-dlp https://twitter.com/exxj00/status/1983988330862915921 --dump-json --no-warnings --socket-timeout 15 --impersonate Chrome-131:Windows-10\nTraceback (most recent call last):\n  File \"/usr/local/bin/yt-dlp\", line 8, in <module>\n    sys.exit(main())\n  File \"/usr/local/lib/python3.10/dist-packages/yt_dlp/__init__.py\", line 1066, in main\n    _exit(*variadic(_real_main(argv)))\n  File \"/usr/local/lib/python3.10/dist-packages/yt_dlp/__init__.py\", line 968, in _real_main\n    with YoutubeDL(ydl_opts) as ydl:\n  File \"/usr/local/lib/python3.10/dist-packages/yt_dlp/YoutubeDL.py\", line 743, in __init__\n    raise YoutubeDLError(\nyt_dlp.utils.YoutubeDLError: Impersonate target \"chrome-131:windows-10\" is not available. Use --list-impersonate-targets to see available targets. You may be missing dependencies required to support this target.\n"}
{"timestamp":"2025-11-02T05:19:06.181Z","level":"ERROR","message":"[1762060731111_u1tx5m6tw] yt-dlp download failed:","error":"yt-dlp exited with code 1"}
{"timestamp":"2025-11-02T05:19:08.479Z","level":"ERROR","message":"[1762060731111_u1tx5m6tw] Failed to get video info:","error":"Command failed: yt-dlp https://twitter.com/exxj00/status/1983988330862915921 --dump-json --no-warnings --socket-timeout 15 --impersonate Chrome-131:Windows-10\nTraceback (most recent call last):\n  File \"/usr/local/bin/yt-dlp\", line 8, in <module>\n    sys.exit(main())\n  File \"/usr/local/lib/python3.10/dist-packages/yt_dlp/__init__.py\", line 1066, in main\n    _exit(*variadic(_real_main(argv)))\n  File \"/usr/local/lib/python3.10/dist-packages/yt_dlp/__init__.py\", line 968, in _real_main\n    with YoutubeDL(ydl_opts) as ydl:\n  File \"/usr/local/lib/python3.10/dist-packages/yt_dlp/YoutubeDL.py\", line 743, in __init__\n    raise YoutubeDLError(\nyt_dlp.utils.YoutubeDLError: Impersonate target \"chrome-131:windows-10\" is not available. Use --list-impersonate-targets to see available targets. You may be missing dependencies required to support this target.\n"}
{"timestamp":"2025-11-02T05:19:08.783Z","level":"ERROR","message":"[1762060731111_u1tx5m6tw] yt-dlp download failed:","error":"yt-dlp exited with code 1"}
{"timestamp":"2025-11-02T05:19:13.090Z","level":"ERROR","message":"[1762060731111_u1tx5m6tw] Failed to get video info:","error":"Command failed: yt-dlp https://twitter.com/exxj00/status/1983988330862915921 --dump-json --no-warnings --socket-timeout 15 --impersonate Chrome-131:Windows-10\nTraceback (most recent call last):\n  File \"/usr/local/bin/yt-dlp\", line 8, in <module>\n    sys.exit(main())\n  File \"/usr/local/lib/python3.10/dist-packages/yt_dlp/__init__.py\", line 1066, in main\n    _exit(*variadic(_real_main(argv)))\n  File \"/usr/local/lib/python3.10/dist-packages/yt_dlp/__init__.py\", line 968, in _real_main\n    with YoutubeDL(ydl_opts) as ydl:\n  File \"/usr/local/lib/python3.10/dist-packages/yt_dlp/YoutubeDL.py\", line 743, in __init__\n    raise YoutubeDLError(\nyt_dlp.utils.YoutubeDLError: Impersonate target \"chrome-131:windows-10\" is not available. Use --list-impersonate-targets to see available targets. You may be missing dependencies required to support this target.\n"}
{"timestamp":"2025-11-02T05:19:13.390Z","level":"ERROR","message":"[1762060731111_u1tx5m6tw] yt-dlp download failed:","error":"yt-dlp exited with code 1"}
{"timestamp":"2025-11-02T05:19:14.701Z","level":"ERROR","message":"[1762060731111_u1tx5m6tw] Failed to get video info:","error":"Command failed: yt-dlp https://twitter.com/exxj00/status/1983988330862915921 --dump-json --no-warnings --socket-timeout 15 --impersonate Chrome-131:Windows-10\nTraceback (most recent call last):\n  File \"/usr/local/bin/yt-dlp\", line 8, in <module>\n    sys.exit(main())\n  File \"/usr/local/lib/python3.10/dist-packages/yt_dlp/__init__.py\", line 1066, in main\n    _exit(*variadic(_real_main(argv)))\n  File \"/usr/local/lib/python3.10/dist-packages/yt_dlp/__init__.py\", line 968, in _real_main\n    with YoutubeDL(ydl_opts) as ydl:\n  File \"/usr/local/lib/python3.10/dist-packages/yt_dlp/YoutubeDL.py\", line 743, in __init__\n    raise YoutubeDLError(\nyt_dlp.utils.YoutubeDLError: Impersonate target \"chrome-131:windows-10\" is not available. Use --list-impersonate-targets to see available targets. You may be missing dependencies required to support this target.\n"}
{"timestamp":"2025-11-02T05:19:15.007Z","level":"ERROR","message":"[1762060731111_u1tx5m6tw] yt-dlp download failed:","error":"yt-dlp exited with code 1"}
{"timestamp":"2025-11-02T05:19:17.307Z","level":"ERROR","message":"[1762060731111_u1tx5m6tw] Failed to get video info:","error":"Command failed: yt-dlp https://twitter.com/exxj00/status/1983988330862915921 --dump-json --no-warnings --socket-timeout 15 --impersonate Chrome-131:Windows-10\nTraceback (most recent call last):\n  File \"/usr/local/bin/yt-dlp\", line 8, in <module>\n    sys.exit(main())\n  File \"/usr/local/lib/python3.10/dist-packages/yt_dlp/__init__.py\", line 1066, in main\n    _exit(*variadic(_real_main(argv)))\n  File \"/usr/local/lib/python3.10/dist-packages/yt_dlp/__init__.py\", line 968, in _real_main\n    with YoutubeDL(ydl_opts) as ydl:\n  File \"/usr/local/lib/python3.10/dist-packages/yt_dlp/YoutubeDL.py\", line 743, in __init__\n    raise YoutubeDLError(\nyt_dlp.utils.YoutubeDLError: Impersonate target \"chrome-131:windows-10\" is not available. Use --list-impersonate-targets to see available targets. You may be missing dependencies required to support this target.\n"}
{"timestamp":"2025-11-02T05:19:17.617Z","level":"ERROR","message":"[1762060731111_u1tx5m6tw] yt-dlp download failed:","error":"yt-dlp exited with code 1"}
{"timestamp":"2025-11-02T05:19:17.618Z","level":"ERROR","message":"❌ Download failed for https://twitter.com/exxj00/status/1983988330862915921: yt-dlp exited with code 1"}
{"timestamp":"2025-11-02T05:19:17.619Z","level":"ERROR","message":"[1762060731111_u1tx5m6tw] Download failed permanently:","error":"yt-dlp exited with code 1"}
{"timestamp":"2025-11-02T14:34:52.578Z","level":"ERROR","message":"[1762094090716_j9x7tf3h4] Failed to get video info:","error":"Command failed: yt-dlp tiktok.com/@life.l8/video/7568135997549038855 --dump-json --no-warnings --socket-timeout 15 --impersonate Chrome-131:Android-14\nERROR: [TikTok] 7568135997549038855: Your IP address is blocked from accessing this post\n"}
{"timestamp":"2025-11-02T14:34:54.398Z","level":"ERROR","message":"[1762094090716_j9x7tf3h4] yt-dlp error:","error":"ERROR: [TikTok] 7568135997549038855: Your IP address is blocked from accessing this post\n"}
{"timestamp":"2025-11-02T14:34:54.478Z","level":"ERROR","message":"[1762094090716_j9x7tf3h4] yt-dlp download failed:","error":"yt-dlp exited with code 1"}
{"timestamp":"2025-11-02T15:05:09.451Z","level":"ERROR","message":"[1762095907590_x3nshp7vt] Failed to get video info:","error":"Command failed: yt-dlp tiktok.com/@user2710799275162/video/7568143052594810130 --dump-json --no-warnings --socket-timeout 15 --impersonate Chrome-131:Android-14\nERROR: [TikTok] 7568143052594810130: No video formats found!; please report this issue on  https://github.com/yt-dlp/yt-dlp/issues?q= , filling out the appropriate issue template. Confirm you are on the latest version using  yt-dlp -U\n"}
{"timestamp":"2025-11-02T15:05:11.201Z","level":"ERROR","message":"[1762095907590_x3nshp7vt] yt-dlp error:","error":"ERROR: [TikTok] 7568143052594810130: No video formats found!; please report this issue on  https://github.com/yt-dlp/yt-dlp/issues?q= , filling out the appropriate issue template. Confirm you are on the latest version using  yt-dlp -U\n"}
{"timestamp":"2025-11-02T15:05:11.277Z","level":"ERROR","message":"[1762095907590_x3nshp7vt] yt-dlp download failed:","error":"yt-dlp exited with code 1"}
{"timestamp":"2025-11-02T15:24:31.687Z","level":"ERROR","message":"[1762097069741_7bo933mhc] Failed to get video info:","error":"Command failed: yt-dlp tiktok.com/@_kitt22/video/7568148642771553554 --dump-json --no-warnings --socket-timeout 15 --impersonate Chrome-131:Android-14\nERROR: [TikTok] 7568148642771553554: This post may not be comfortable for some audiences. Log in for access. Use --cookies-from-browser or --cookies for the authentication. See  https://github.com/yt-dlp/yt-dlp/wiki/FAQ#how-do-i-pass-cookies-to-yt-dlp  for how to manually pass cookies\n"}
{"timestamp":"2025-11-02T15:24:33.700Z","level":"ERROR","message":"[1762097069741_7bo933mhc] yt-dlp error:","error":"ERROR: [TikTok] 7568148642771553554: This post may not be comfortable for some audiences. Log in for access. Use --cookies-from-browser or --cookies for the authentication. See  https://github.com/yt-dlp/yt-dlp/wiki/FAQ#how-do-i-pass-cookies-to-yt-dlp  for how to manually pass cookies\n"}
{"timestamp":"2025-11-02T15:24:33.774Z","level":"ERROR","message":"[1762097069741_7bo933mhc] yt-dlp download failed:","error":"yt-dlp exited with code 1"}
{"timestamp":"2025-11-02T17:14:08.505Z","level":"ERROR","message":"[1762103646630_nhnwxz9ky] Failed to get video info:","error":"Command failed: yt-dlp tiktok.com/@life.l8/video/7568177127162531090 --dump-json --no-warnings --socket-timeout 15 --impersonate Chrome-131:Android-14\nERROR: [TikTok] 7568177127162531090: Video not available, status code 10101; please report this issue on  https://github.com/yt-dlp/yt-dlp/issues?q= , filling out the appropriate issue template. Confirm you are on the latest version using  yt-dlp -U\n"}
{"timestamp":"2025-11-02T17:40:13.783Z","level":"ERROR","message":"[1762105211759_dr8gy2l1s] Failed to get video info:","error":"Command failed: yt-dlp tiktok.com/@elgato3331/video/7568183799373155604 --dump-json --no-warnings --socket-timeout 15 --impersonate Chrome-131:Android-14\nERROR: [TikTok] 7568183799373155604: Video not available, status code 10231; please report this issue on  https://github.com/yt-dlp/yt-dlp/issues?q= , filling out the appropriate issue template. Confirm you are on the latest version using  yt-dlp -U\n"}
{"timestamp":"2025-11-02T17:40:15.673Z","level":"ERROR","message":"[1762105211759_dr8gy2l1s] yt-dlp error:","error":"ERROR: [TikTok] 7568183799373155604: Video not available, status code 10231; please report this issue on  https://github.com/yt-dlp/yt-dlp/issues?q= , filling out the appropriate issue template. Confirm you are on the latest version using  yt-dlp -U\n"}
{"timestamp":"2025-11-02T17:40:15.743Z","level":"ERROR","message":"[1762105211759_dr8gy2l1s] yt-dlp download failed:","error":"yt-dlp exited with code 1"}
{"timestamp":"2025-11-03T22:53:46.660Z","level":"ERROR","message":"[1762210424824_p84n28gen] Failed to get video info:","error":"Command failed: yt-dlp tiktok.com/@jood.alshammari6/video/7568635792629845255 --dump-json --no-warnings --socket-timeout 15 --impersonate Chrome-131:Android-14\nERROR: [TikTok] 7568635792629845255: Your IP address is blocked from accessing this post\n"}
{"timestamp":"2025-11-03T22:53:48.444Z","level":"ERROR","message":"[1762210424824_p84n28gen] yt-dlp error:","error":"ERROR: [TikTok] 7568635792629845255: Your IP address is blocked from accessing this post\n"}
{"timestamp":"2025-11-03T22:53:48.518Z","level":"ERROR","message":"[1762210424824_p84n28gen] yt-dlp download failed:","error":"yt-dlp exited with code 1"}
{"timestamp":"2025-11-03T22:53:52.619Z","level":"ERROR","message":"[1762210424824_p84n28gen] TikTok API fallback failed:","error":"TikTok API returned invalid response"}
{"timestamp":"2025-11-03T22:53:55.328Z","level":"ERROR","message":"[1762210424824_p84n28gen] Failed to get video info:","error":"Command failed: yt-dlp tiktok.com/@jood.alshammari6/video/7568635792629845255 --dump-json --no-warnings --socket-timeout 15 --impersonate Chrome-131:Android-14\nERROR: [TikTok] 7568635792629845255: Your IP address is blocked from accessing this post\n"}
{"timestamp":"2025-11-03T22:53:57.014Z","level":"ERROR","message":"[1762210424824_p84n28gen] yt-dlp error:","error":"ERROR: [TikTok] 7568635792629845255: Your IP address is blocked from accessing this post\n"}
{"timestamp":"2025-11-03T22:53:57.093Z","level":"ERROR","message":"[1762210424824_p84n28gen] yt-dlp download failed:","error":"yt-dlp exited with code 1"}
{"timestamp":"2025-11-03T22:54:00.265Z","level":"ERROR","message":"[1762210424824_p84n28gen] TikTok API fallback failed:","error":"TikTok API returned invalid response"}
{"timestamp":"2025-11-03T22:54:04.159Z","level":"ERROR","message":"[1762210424824_p84n28gen] Failed to get video info:","error":"Command failed: yt-dlp tiktok.com/@jood.alshammari6/video/7568635792629845255 --dump-json --no-warnings --socket-timeout 15 --impersonate Chrome-131:Android-14\nERROR: [TikTok] 7568635792629845255: Your IP address is blocked from accessing this post\n"}
{"timestamp":"2025-11-03T22:54:05.956Z","level":"ERROR","message":"[1762210424824_p84n28gen] yt-dlp error:","error":"ERROR: [TikTok] 7568635792629845255: Your IP address is blocked from accessing this post\n"}
{"timestamp":"2025-11-03T22:54:06.038Z","level":"ERROR","message":"[1762210424824_p84n28gen] yt-dlp download failed:","error":"yt-dlp exited with code 1"}
{"timestamp":"2025-11-03T22:54:08.980Z","level":"ERROR","message":"[1762210424824_p84n28gen] TikTok API fallback failed:","error":"TikTok API returned invalid response"}
{"timestamp":"2025-11-03T22:54:12.397Z","level":"ERROR","message":"[1762210424824_p84n28gen] TikTok API fallback failed:","error":"TikTok API returned invalid response"}
{"timestamp":"2025-11-03T22:54:12.397Z","level":"ERROR","message":"[1762210424824_p84n28gen] All download methods failed"}
{"timestamp":"2025-11-03T22:54:15.274Z","level":"ERROR","message":"[1762210424824_p84n28gen] Failed to get video info:","error":"Command failed: yt-dlp tiktok.com/@jood.alshammari6/video/7568635792629845255 --dump-json --no-warnings --socket-timeout 15 --impersonate Chrome-131:Android-14\nERROR: [TikTok] 7568635792629845255: Your IP address is blocked from accessing this post\n"}
{"timestamp":"2025-11-03T22:54:16.983Z","level":"ERROR","message":"[1762210424824_p84n28gen] yt-dlp error:","error":"ERROR: [TikTok] 7568635792629845255: Your IP address is blocked from accessing this post\n"}
{"timestamp":"2025-11-03T22:54:17.065Z","level":"ERROR","message":"[1762210424824_p84n28gen] yt-dlp download failed:","error":"yt-dlp exited with code 1"}
{"timestamp":"2025-11-03T22:54:20.154Z","level":"ERROR","message":"[1762210424824_p84n28gen] TikTok API fallback failed:","error":"TikTok API returned invalid response"}
{"timestamp":"2025-11-03T22:54:22.992Z","level":"ERROR","message":"[1762210424824_p84n28gen] Failed to get video info:","error":"Command failed: yt-dlp tiktok.com/@jood.alshammari6/video/7568635792629845255 --dump-json --no-warnings --socket-timeout 15 --impersonate Chrome-131:Android-14\nERROR: [TikTok] 7568635792629845255: Your IP address is blocked from accessing this post\n"}
{"timestamp":"2025-11-03T22:54:24.720Z","level":"ERROR","message":"[1762210424824_p84n28gen] yt-dlp error:","error":"ERROR: [TikTok] 7568635792629845255: Your IP address is blocked from accessing this post\n"}
{"timestamp":"2025-11-03T22:54:24.803Z","level":"ERROR","message":"[1762210424824_p84n28gen] yt-dlp download failed:","error":"yt-dlp exited with code 1"}
{"timestamp":"2025-11-03T22:54:27.882Z","level":"ERROR","message":"[1762210424824_p84n28gen] TikTok API fallback failed:","error":"TikTok API returned invalid response"}
{"timestamp":"2025-11-03T22:54:31.684Z","level":"ERROR","message":"[1762210424824_p84n28gen] Failed to get video info:","error":"Command failed: yt-dlp tiktok.com/@jood.alshammari6/video/7568635792629845255 --dump-json --no-warnings --socket-timeout 15 --impersonate Chrome-131:Android-14\nERROR: [TikTok] 7568635792629845255: Your IP address is blocked from accessing this post\n"}
{"timestamp":"2025-11-03T22:54:33.455Z","level":"ERROR","message":"[1762210424824_p84n28gen] yt-dlp error:","error":"ERROR: [TikTok] 7568635792629845255: Your IP address is blocked from accessing this post\n"}
{"timestamp":"2025-11-03T22:54:33.530Z","level":"ERROR","message":"[1762210424824_p84n28gen] yt-dlp download failed:","error":"yt-dlp exited with code 1"}
{"timestamp":"2025-11-03T22:54:36.396Z","level":"ERROR","message":"[1762210424824_p84n28gen] TikTok API fallback failed:","error":"TikTok API returned invalid response"}
{"timestamp":"2025-11-03T22:54:39.506Z","level":"ERROR","message":"[1762210424824_p84n28gen] TikTok API fallback failed:","error":"TikTok API returned invalid response"}
{"timestamp":"2025-11-03T22:54:39.506Z","level":"ERROR","message":"[1762210424824_p84n28gen] All download methods failed"}
{"timestamp":"2025-11-03T22:54:43.702Z","level":"ERROR","message":"[1762210424824_p84n28gen] Failed to get video info:","error":"Command failed: yt-dlp tiktok.com/@jood.alshammari6/video/7568635792629845255 --dump-json --no-warnings --socket-timeout 15 --impersonate Chrome-131:Android-14\nERROR: [TikTok] 7568635792629845255: Your IP address is blocked from accessing this post\n"}
{"timestamp":"2025-11-03T22:54:45.562Z","level":"ERROR","message":"[1762210424824_p84n28gen] yt-dlp error:","error":"ERROR: [TikTok] 7568635792629845255: Your IP address is blocked from accessing this post\n"}
{"timestamp":"2025-11-03T22:54:45.643Z","level":"ERROR","message":"[1762210424824_p84n28gen] yt-dlp download failed:","error":"yt-dlp exited with code 1"}
{"timestamp":"2025-11-03T22:54:49.111Z","level":"ERROR","message":"[1762210424824_p84n28gen] TikTok API fallback failed:","error":"TikTok API returned invalid response"}
{"timestamp":"2025-11-03T22:54:51.966Z","level":"ERROR","message":"[1762210424824_p84n28gen] Failed to get video info:","error":"Command failed: yt-dlp tiktok.com/@jood.alshammari6/video/7568635792629845255 --dump-json --no-warnings --socket-timeout 15 --impersonate Chrome-131:Android-14\nERROR: [TikTok] 7568635792629845255: Your IP address is blocked from accessing this post\n"}
{"timestamp":"2025-11-03T22:54:53.595Z","level":"ERROR","message":"[1762210424824_p84n28gen] yt-dlp error:","error":"ERROR: [TikTok] 7568635792629845255: Your IP address is blocked from accessing this post\n"}
{"timestamp":"2025-11-03T22:54:53.676Z","level":"ERROR","message":"[1762210424824_p84n28gen] yt-dlp download failed:","error":"yt-dlp exited with code 1"}
{"timestamp":"2025-11-03T22:54:56.476Z","level":"ERROR","message":"[1762210424824_p84n28gen] TikTok API fallback failed:","error":"TikTok API returned invalid response"}
{"timestamp":"2025-11-03T22:55:00.399Z","level":"ERROR","message":"[1762210424824_p84n28gen] Failed to get video info:","error":"Command failed: yt-dlp tiktok.com/@jood.alshammari6/video/7568635792629845255 --dump-json --no-warnings --socket-timeout 15 --impersonate Chrome-131:Android-14\nERROR: [TikTok] 7568635792629845255: Your IP address is blocked from accessing this post\n"}
{"timestamp":"2025-11-03T22:55:02.265Z","level":"ERROR","message":"[1762210424824_p84n28gen] yt-dlp error:","error":"ERROR: [TikTok] 7568635792629845255: Your IP address is blocked from accessing this post\n"}
{"timestamp":"2025-11-03T22:55:02.384Z","level":"ERROR","message":"[1762210424824_p84n28gen] yt-dlp download failed:","error":"yt-dlp exited with code 1"}
{"timestamp":"2025-11-03T22:55:05.713Z","level":"ERROR","message":"[1762210424824_p84n28gen] TikTok API fallback failed:","error":"TikTok API returned invalid response"}
{"timestamp":"2025-11-03T22:55:08.853Z","level":"ERROR","message":"[1762210424824_p84n28gen] TikTok API fallback failed:","error":"TikTok API returned invalid response"}
{"timestamp":"2025-11-03T22:55:08.853Z","level":"ERROR","message":"[1762210424824_p84n28gen] All download methods failed"}
{"timestamp":"2025-11-03T22:55:14.659Z","level":"ERROR","message":"[1762210424824_p84n28gen] Failed to get video info:","error":"Command failed: yt-dlp tiktok.com/@jood.alshammari6/video/7568635792629845255 --dump-json --no-warnings --socket-timeout 15 --impersonate Chrome-131:Android-14\nERROR: [TikTok] 7568635792629845255: Your IP address is blocked from accessing this post\n"}
{"timestamp":"2025-11-03T22:55:16.340Z","level":"ERROR","message":"[1762210424824_p84n28gen] yt-dlp error:","error":"ERROR: [TikTok] 7568635792629845255: Your IP address is blocked from accessing this post\n"}
{"timestamp":"2025-11-03T22:55:16.418Z","level":"ERROR","message":"[1762210424824_p84n28gen] yt-dlp download failed:","error":"yt-dlp exited with code 1"}
{"timestamp":"2025-11-03T22:55:19.613Z","level":"ERROR","message":"[1762210424824_p84n28gen] TikTok API fallback failed:","error":"TikTok API returned invalid response"}
{"timestamp":"2025-11-03T22:55:22.401Z","level":"ERROR","message":"[1762210424824_p84n28gen] Failed to get video info:","error":"Command failed: yt-dlp tiktok.com/@jood.alshammari6/video/7568635792629845255 --dump-json --no-warnings --socket-timeout 15 --impersonate Chrome-131:Android-14\nERROR: [TikTok] 7568635792629845255: Your IP address is blocked from accessing this post\n"}
{"timestamp":"2025-11-03T22:55:24.128Z","level":"ERROR","message":"[1762210424824_p84n28gen] yt-dlp error:","error":"ERROR: [TikTok] 7568635792629845255: Your IP address is blocked from accessing this post\n"}
{"timestamp":"2025-11-03T22:55:24.207Z","level":"ERROR","message":"[1762210424824_p84n28gen] yt-dlp download failed:","error":"yt-dlp exited with code 1"}
{"timestamp":"2025-11-03T22:55:27.076Z","level":"ERROR","message":"[1762210424824_p84n28gen] TikTok API fallback failed:","error":"TikTok API returned invalid response"}
{"timestamp":"2025-11-03T22:55:30.976Z","level":"ERROR","message":"[1762210424824_p84n28gen] Failed to get video info:","error":"Command failed: yt-dlp tiktok.com/@jood.alshammari6/video/7568635792629845255 --dump-json --no-warnings --socket-timeout 15 --impersonate Chrome-131:Android-14\nERROR: [TikTok] 7568635792629845255: Your IP address is blocked from accessing this post\n"}
{"timestamp":"2025-11-03T22:55:32.670Z","level":"ERROR","message":"[1762210424824_p84n28gen] yt-dlp error:","error":"ERROR: [TikTok] 7568635792629845255: Your IP address is blocked from accessing this post\n"}
{"timestamp":"2025-11-03T22:55:32.747Z","level":"ERROR","message":"[1762210424824_p84n28gen] yt-dlp download failed:","error":"yt-dlp exited with code 1"}
{"timestamp":"2025-11-03T22:55:35.640Z","level":"ERROR","message":"[1762210424824_p84n28gen] TikTok API fallback failed:","error":"TikTok API returned invalid response"}
{"timestamp":"2025-11-03T22:55:38.585Z","level":"ERROR","message":"[1762210424824_p84n28gen] TikTok API fallback failed:","error":"TikTok API returned invalid response"}
{"timestamp":"2025-11-03T22:55:38.585Z","level":"ERROR","message":"[1762210424824_p84n28gen] All download methods failed"}
{"timestamp":"2025-11-03T22:55:38.585Z","level":"ERROR","message":"❌ Download failed for tiktok.com/@jood.alshammari6/video/7568635792629845255: TikTok API returned invalid response"}
{"timestamp":"2025-11-03T22:55:38.586Z","level":"ERROR","message":"[1762210424824_p84n28gen] Download failed permanently:","error":"TikTok API returned invalid response"}
{"timestamp":"2025-11-04T15:16:25.411Z","level":"ERROR","message":"[1762269364714_g2uqjqwe5] yt-dlp error:","error":"ERROR: unable to download video data: HTTP Error 499: None\n"}
{"timestamp":"2025-11-04T15:16:25.491Z","level":"ERROR","message":"[1762269364714_g2uqjqwe5] yt-dlp download failed:","error":"yt-dlp exited with code 1"}
{"timestamp":"2025-11-04T15:33:51.195Z","level":"ERROR","message":"[1762270429369_i7km8sh4k] Failed to get video info:","error":"Command failed: yt-dlp https://vt.tiktok.com/ZSyUxVKpb/ --dump-json --no-warnings --socket-timeout 15 --impersonate Chrome-131:Android-14\nERROR: [TikTok] 7563975338246556935: You do not have permission to view this post. Log into an account that has access. Use --cookies-from-browser or --cookies for the authentication. See  https://github.com/yt-dlp/yt-dlp/wiki/FAQ#how-do-i-pass-cookies-to-yt-dlp  for how to manually pass cookies\n"}
{"timestamp":"2025-11-04T15:33:53.009Z","level":"ERROR","message":"[1762270429369_i7km8sh4k] yt-dlp error:","error":"ERROR: [TikTok] 7563975338246556935: You do not have permission to view this post. Log into an account that has access. Use --cookies-from-browser or --cookies for the authentication. See  https://github.com/yt-dlp/yt-dlp/wiki/FAQ#how-do-i-pass-cookies-to-yt-dlp  for how to manually pass cookies\n"}
{"timestamp":"2025-11-04T15:33:53.077Z","level":"ERROR","message":"[1762270429369_i7km8sh4k] yt-dlp download failed:","error":"yt-dlp exited with code 1"}
{"timestamp":"2025-11-04T15:34:32.252Z","level":"ERROR","message":"[1762270470245_nup2axgng] Failed to get video info:","error":"Command failed: yt-dlp https://vt.tiktok.com/ZSyUxV7bU/ --dump-json --no-warnings --socket-timeout 15 --impersonate Chrome-131:Android-14\nERROR: [TikTok] 7568652141603097874: You do not have permission to view this post. Log into an account that has access. Use --cookies-from-browser or --cookies for the authentication. See  https://github.com/yt-dlp/yt-dlp/wiki/FAQ#how-do-i-pass-cookies-to-yt-dlp  for how to manually pass cookies\n"}
{"timestamp":"2025-11-04T15:34:33.832Z","level":"ERROR","message":"[1762270470245_nup2axgng] yt-dlp error:","error":"ERROR: [TikTok] 7568652141603097874: You do not have permission to view this post. Log into an account that has access. Use --cookies-from-browser or --cookies for the authentication. See  https://github.com/yt-dlp/yt-dlp/wiki/FAQ#how-do-i-pass-cookies-to-yt-dlp  for how to manually pass cookies\n"}
{"timestamp":"2025-11-04T15:34:33.903Z","level":"ERROR","message":"[1762270470245_nup2axgng] yt-dlp download failed:","error":"yt-dlp exited with code 1"}
{"timestamp":"2025-11-05T01:53:57.132Z","level":"ERROR","message":"[1762307633036_o2jkx5uwy] yt-dlp error:","error":"ERROR: unable to download video data: HTTP Error 302: Found (redirect loop detected)\n"}
{"timestamp":"2025-11-05T01:53:57.214Z","level":"ERROR","message":"[1762307633036_o2jkx5uwy] yt-dlp download failed:","error":"yt-dlp exited with code 1"}
{"timestamp":"2025-11-05T17:31:36.446Z","level":"ERROR","message":"[1762363893266_553fchtz7] Failed to get video info:","error":"Command failed: yt-dlp tiktok.com/@23.fwq/video/7569287061904100628 --dump-json --no-warnings --socket-timeout 15 --impersonate Chrome-131:Android-14\nERROR: [TikTok] 7569287061904100628: Your IP address is blocked from accessing this post\n"}
{"timestamp":"2025-11-05T17:31:38.213Z","level":"ERROR","message":"[1762363893835_qz07j7f5k] Failed to get video info:","error":"Command failed: yt-dlp tiktok.com/@23.fwq/video/7569287030153170196 --dump-json --no-warnings --socket-timeout 15 --impersonate Chrome-131:Android-14\nERROR: [TikTok] 7569287030153170196: Your IP address is blocked from accessing this post\n"}
{"timestamp":"2025-11-05T17:31:40.643Z","level":"ERROR","message":"[1762363893266_553fchtz7] yt-dlp error:","error":"ERROR: [TikTok] 7569287061904100628: Your IP address is blocked from accessing this post\n"}
{"timestamp":"2025-11-05T17:31:40.831Z","level":"ERROR","message":"[1762363893266_553fchtz7] yt-dlp download failed:","error":"yt-dlp exited with code 1"}
{"timestamp":"2025-11-05T17:31:41.187Z","level":"ERROR","message":"[1762363893835_qz07j7f5k] yt-dlp error:","error":"ERROR: [TikTok] 7569287030153170196: Your IP address is blocked from accessing this post\n"}
{"timestamp":"2025-11-05T17:31:41.347Z","level":"ERROR","message":"[1762363893835_qz07j7f5k] yt-dlp download failed:","error":"yt-dlp exited with code 1"}
{"timestamp":"2025-11-05T17:31:41.481Z","level":"ERROR","message":"[1762363893835_qz07j7f5k] TikTok API fallback failed:","error":"TikTok API returned invalid response"}
{"timestamp":"2025-11-05T17:31:44.470Z","level":"ERROR","message":"[1762363893835_qz07j7f5k] Failed to get video info:","error":"Command failed: yt-dlp tiktok.com/@23.fwq/video/7569287030153170196 --dump-json --no-warnings --socket-timeout 15 --impersonate Chrome-131:Android-14\nERROR: [TikTok] 7569287030153170196: Your IP address is blocked from accessing this post\n"}
{"timestamp":"2025-11-06T03:32:06.854Z","level":"ERROR","message":"[1762399925248_jan2gt3kv] Failed to get video info:","error":"Command failed: yt-dlp tiktok.com/@hjkk666_/video/7569449547030744338 --dump-json --no-warnings --socket-timeout 15 --impersonate Chrome-131:Android-14\nERROR: [TikTok] 7569449547030744338: Unable to extract webpage video data; please report this issue on  https://github.com/yt-dlp/yt-dlp/issues?q= , filling out the appropriate issue template. Confirm you are on the latest version using  yt-dlp -U\n"}
{"timestamp":"2025-11-06T03:32:08.335Z","level":"ERROR","message":"[1762399925248_jan2gt3kv] yt-dlp error:","error":"ERROR: [TikTok] 7569449547030744338: Unable to extract webpage video data; please report this issue on  https://github.com/yt-dlp/yt-dlp/issues?q= , filling out the appropriate issue template. Confirm you are on the latest version using  yt-dlp -U\n"}
{"timestamp":"2025-11-06T03:32:08.408Z","level":"ERROR","message":"[1762399925248_jan2gt3kv] yt-dlp download failed:","error":"yt-dlp exited with code 1"}
{"timestamp":"2025-11-06T12:45:43.646Z","level":"ERROR","message":"[1762433141987_vq4irlevt] Failed to get video info:","error":"Command failed: yt-dlp tiktok.com/@qn11r_/video/7569590209013189909 --dump-json --no-warnings --socket-timeout 15 --impersonate Chrome-131:Android-14\nERROR: [TikTok] 7569590209013189909: Your IP address is blocked from accessing this post\n"}
{"timestamp":"2025-11-06T12:45:45.297Z","level":"ERROR","message":"[1762433141987_vq4irlevt] yt-dlp error:","error":"ERROR: [TikTok] 7569590209013189909: Your IP address is blocked from accessing this post\n"}
{"timestamp":"2025-11-06T12:45:45.378Z","level":"ERROR","message":"[1762433141987_vq4irlevt] yt-dlp download failed:","error":"yt-dlp exited with code 1"}
{"timestamp":"2025-11-06T17:30:17.546Z","level":"ERROR","message":"[1762450176850_287v1h0gw] File host upload failed:","error":"All file host uploads failed"}
{"timestamp":"2025-11-06T17:30:17.546Z","level":"ERROR","message":"[1762450176850_287v1h0gw] Upload failed:","error":"All file host uploads failed"}
{"timestamp":"2025-11-06T21:42:12.978Z","level":"ERROR","message":"[1762465331103_rhfheza5c] Failed to get video info:","error":"Command failed: yt-dlp tiktok.com/@amgattara/video/7569730480950627605 --dump-json --no-warnings --socket-timeout 15 --impersonate Chrome-131:Android-14\nERROR: [TikTok] 7569730480950627605: No video formats found!; please report this issue on  https://github.com/yt-dlp/yt-dlp/issues?q= , filling out the appropriate issue template. Confirm you are on the latest version using  yt-dlp -U\n"}
{"timestamp":"2025-11-06T21:42:14.802Z","level":"ERROR","message":"[1762465331103_rhfheza5c] yt-dlp error:","error":"ERROR: [TikTok] 7569730480950627605: No video formats found!; please report this issue on  https://github.com/yt-dlp/yt-dlp/issues?q= , filling out the appropriate issue template. Confirm you are on the latest version using  yt-dlp -U\n"}
{"timestamp":"2025-11-06T21:42:14.874Z","level":"ERROR","message":"[1762465331103_rhfheza5c] yt-dlp download failed:","error":"yt-dlp exited with code 1"}
{"timestamp":"2025-11-06T21:50:52.088Z","level":"ERROR","message":"[1762465850157_wgteg38ea] Failed to get video info:","error":"Command failed: yt-dlp tiktok.com/@llulusa/video/7569732831228742932 --dump-json --no-warnings --socket-timeout 15 --impersonate Chrome-131:Android-14\nERROR: [TikTok] 7569732831228742932: This post may not be comfortable for some audiences. Log in for access. Use --cookies-from-browser or --cookies for the authentication. See  https://github.com/yt-dlp/yt-dlp/wiki/FAQ#how-do-i-pass-cookies-to-yt-dlp  for how to manually pass cookies\n"}
{"timestamp":"2025-11-06T21:50:53.936Z","level":"ERROR","message":"[1762465850157_wgteg38ea] yt-dlp error:","error":"ERROR: [TikTok] 7569732831228742932: This post may not be comfortable for some audiences. Log in for access. Use --cookies-from-browser or --cookies for the authentication. See  https://github.com/yt-dlp/yt-dlp/wiki/FAQ#how-do-i-pass-cookies-to-yt-dlp  for how to manually pass cookies\n"}
{"timestamp":"2025-11-06T21:50:54.013Z","level":"ERROR","message":"[1762465850157_wgteg38ea] yt-dlp download failed:","error":"yt-dlp exited with code 1"}
{"timestamp":"2025-11-07T22:04:14.370Z","level":"ERROR","message":"[1762553054060_1kxlj03nx] Failed to get video info:","error":"Command failed: yt-dlp https://twitter.com/chancholito/status/1985462729084166333 --dump-json --no-warnings --socket-timeout 15 --impersonate Chrome-131:Windows-10\nTraceback (most recent call last):\n  File \"/usr/local/bin/yt-dlp\", line 8, in <module>\n    sys.exit(main())\n  File \"/usr/local/lib/python3.10/dist-packages/yt_dlp/__init__.py\", line 1066, in main\n    _exit(*variadic(_real_main(argv)))\n  File \"/usr/local/lib/python3.10/dist-packages/yt_dlp/__init__.py\", line 968, in _real_main\n    with YoutubeDL(ydl_opts) as ydl:\n  File \"/usr/local/lib/python3.10/dist-packages/yt_dlp/YoutubeDL.py\", line 743, in __init__\n    raise YoutubeDLError(\nyt_dlp.utils.YoutubeDLError: Impersonate target \"chrome-131:windows-10\" is not available. Use --list-impersonate-targets to see available targets. You may be missing dependencies required to support this target.\n"}
{"timestamp":"2025-11-07T22:04:14.681Z","level":"ERROR","message":"[1762553054060_1kxlj03nx] yt-dlp download failed:","error":"yt-dlp exited with code 1"}
{"timestamp":"2025-11-07T22:04:15.988Z","level":"ERROR","message":"[1762553054060_1kxlj03nx] Failed to get video info:","error":"Command failed: yt-dlp https://twitter.com/chancholito/status/1985462729084166333 --dump-json --no-warnings --socket-timeout 15 --impersonate Chrome-131:Windows-10\nTraceback (most recent call last):\n  File \"/usr/local/bin/yt-dlp\", line 8, in <module>\n    sys.exit(main())\n  File \"/usr/local/lib/python3.10/dist-packages/yt_dlp/__init__.py\", line 1066, in main\n    _exit(*variadic(_real_main(argv)))\n  File \"/usr/local/lib/python3.10/dist-packages/yt_dlp/__init__.py\", line 968, in _real_main\n    with YoutubeDL(ydl_opts) as ydl:\n  File \"/usr/local/lib/python3.10/dist-packages/yt_dlp/YoutubeDL.py\", line 743, in __init__\n    raise YoutubeDLError(\nyt_dlp.utils.YoutubeDLError: Impersonate target \"chrome-131:windows-10\" is not available. Use --list-impersonate-targets to see available targets. You may be missing dependencies required to support this target.\n"}
{"timestamp":"2025-11-07T22:04:16.308Z","level":"ERROR","message":"[1762553054060_1kxlj03nx] yt-dlp download failed:","error":"yt-dlp exited with code 1"}
{"timestamp":"2025-11-07T22:04:18.618Z","level":"ERROR","message":"[1762553054060_1kxlj03nx] Failed to get video info:","error":"Command failed: yt-dlp https://twitter.com/chancholito/status/1985462729084166333 --dump-json --no-warnings --socket-timeout 15 --impersonate Chrome-131:Windows-10\nTraceback (most recent call last):\n  File \"/usr/local/bin/yt-dlp\", line 8, in <module>\n    sys.exit(main())\n  File \"/usr/local/lib/python3.10/dist-packages/yt_dlp/__init__.py\", line 1066, in main\n    _exit(*variadic(_real_main(argv)))\n  File \"/usr/local/lib/python3.10/dist-packages/yt_dlp/__init__.py\", line 968, in _real_main\n    with YoutubeDL(ydl_opts) as ydl:\n  File \"/usr/local/lib/python3.10/dist-packages/yt_dlp/YoutubeDL.py\", line 743, in __init__\n    raise YoutubeDLError(\nyt_dlp.utils.YoutubeDLError: Impersonate target \"chrome-131:windows-10\" is not available. Use --list-impersonate-targets to see available targets. You may be missing dependencies required to support this target.\n"}
{"timestamp":"2025-11-07T22:04:18.922Z","level":"ERROR","message":"[1762553054060_1kxlj03nx] yt-dlp download failed:","error":"yt-dlp exited with code 1"}
{"timestamp":"2025-11-07T22:04:20.239Z","level":"ERROR","message":"[1762553054060_1kxlj03nx] Failed to get video info:","error":"Command failed: yt-dlp https://twitter.com/chancholito/status/1985462729084166333 --dump-json --no-warnings --socket-timeout 15 --impersonate Chrome-131:Windows-10\nTraceback (most recent call last):\n  File \"/usr/local/bin/yt-dlp\", line 8, in <module>\n    sys.exit(main())\n  File \"/usr/local/lib/python3.10/dist-packages/yt_dlp/__init__.py\", line 1066, in main\n    _exit(*variadic(_real_main(argv)))\n  File \"/usr/local/lib/python3.10/dist-packages/yt_dlp/__init__.py\", line 968, in _real_main\n    with YoutubeDL(ydl_opts) as ydl:\n  File \"/usr/local/lib/python3.10/dist-packages/yt_dlp/YoutubeDL.py\", line 743, in __init__\n    raise YoutubeDLError(\nyt_dlp.utils.YoutubeDLError: Impersonate target \"chrome-131:windows-10\" is not available. Use --list-impersonate-targets to see available targets. You may be missing dependencies required to support this target.\n"}
{"timestamp":"2025-11-07T22:04:20.551Z","level":"ERROR","message":"[1762553054060_1kxlj03nx] yt-dlp download failed:","error":"yt-dlp exited with code 1"}
{"timestamp":"2025-11-07T22:04:21.855Z","level":"ERROR","message":"[1762553054060_1kxlj03nx] Failed to get video info:","error":"Command failed: yt-dlp https://twitter.com/chancholito/status/1985462729084166333 --dump-json --no-warnings --socket-timeout 15 --impersonate Chrome-131:Windows-10\nTraceback (most recent call last):\n  File \"/usr/local/bin/yt-dlp\", line 8, in <module>\n    sys.exit(main())\n  File \"/usr/local/lib/python3.10/dist-packages/yt_dlp/__init__.py\", line 1066, in main\n    _exit(*variadic(_real_main(argv)))\n  File \"/usr/local/lib/python3.10/dist-packages/yt_dlp/__init__.py\", line 968, in _real_main\n    with YoutubeDL(ydl_opts) as ydl:\n  File \"/usr/local/lib/python3.10/dist-packages/yt_dlp/YoutubeDL.py\", line 743, in __init__\n    raise YoutubeDLError(\nyt_dlp.utils.YoutubeDLError: Impersonate target \"chrome-131:windows-10\" is not available. Use --list-impersonate-targets to see available targets. You may be missing dependencies required to support this target.\n"}
{"timestamp":"2025-11-07T22:04:22.161Z","level":"ERROR","message":"[1762553054060_1kxlj03nx] yt-dlp download failed:","error":"yt-dlp exited with code 1"}
{"timestamp":"2025-11-07T22:04:24.471Z","level":"ERROR","message":"[1762553054060_1kxlj03nx] Failed to get video info:","error":"Command failed: yt-dlp https://twitter.com/chancholito/status/1985462729084166333 --dump-json --no-warnings --socket-timeout 15 --impersonate Chrome-131:Windows-10\nTraceback (most recent call last):\n  File \"/usr/local/bin/yt-dlp\", line 8, in <module>\n    sys.exit(main())\n  File \"/usr/local/lib/python3.10/dist-packages/yt_dlp/__init__.py\", line 1066, in main\n    _exit(*variadic(_real_main(argv)))\n  File \"/usr/local/lib/python3.10/dist-packages/yt_dlp/__init__.py\", line 968, in _real_main\n    with YoutubeDL(ydl_opts) as ydl:\n  File \"/usr/local/lib/python3.10/dist-packages/yt_dlp/YoutubeDL.py\", line 743, in __init__\n    raise YoutubeDLError(\nyt_dlp.utils.YoutubeDLError: Impersonate target \"chrome-131:windows-10\" is not available. Use --list-impersonate-targets to see available targets. You may be missing dependencies required to support this target.\n"}
{"timestamp":"2025-11-07T22:04:24.784Z","level":"ERROR","message":"[1762553054060_1kxlj03nx] yt-dlp download failed:","error":"yt-dlp exited with code 1"}
{"timestamp":"2025-11-07T22:04:27.104Z","level":"ERROR","message":"[1762553054060_1kxlj03nx] Failed to get video info:","error":"Command failed: yt-dlp https://twitter.com/chancholito/status/1985462729084166333 --dump-json --no-warnings --socket-timeout 15 --impersonate Chrome-131:Windows-10\nTraceback (most recent call last):\n  File \"/usr/local/bin/yt-dlp\", line 8, in <module>\n    sys.exit(main())\n  File \"/usr/local/lib/python3.10/dist-packages/yt_dlp/__init__.py\", line 1066, in main\n    _exit(*variadic(_real_main(argv)))\n  File \"/usr/local/lib/python3.10/dist-packages/yt_dlp/__init__.py\", line 968, in _real_main\n    with YoutubeDL(ydl_opts) as ydl:\n  File \"/usr/local/lib/python3.10/dist-packages/yt_dlp/YoutubeDL.py\", line 743, in __init__\n    raise YoutubeDLError(\nyt_dlp.utils.YoutubeDLError: Impersonate target \"chrome-131:windows-10\" is not available. Use --list-impersonate-targets to see available targets. You may be missing dependencies required to support this target.\n"}
{"timestamp":"2025-11-07T22:04:27.467Z","level":"ERROR","message":"[1762553054060_1kxlj03nx] yt-dlp download failed:","error":"yt-dlp exited with code 1"}
{"timestamp":"2025-11-07T22:04:28.781Z","level":"ERROR","message":"[1762553054060_1kxlj03nx] Failed to get video info:","error":"Command failed: yt-dlp https://twitter.com/chancholito/status/1985462729084166333 --dump-json --no-warnings --socket-timeout 15 --impersonate Chrome-131:Windows-10\nTraceback (most recent call last):\n  File \"/usr/local/bin/yt-dlp\", line 8, in <module>\n    sys.exit(main())\n  File \"/usr/local/lib/python3.10/dist-packages/yt_dlp/__init__.py\", line 1066, in main\n    _exit(*variadic(_real_main(argv)))\n  File \"/usr/local/lib/python3.10/dist-packages/yt_dlp/__init__.py\", line 968, in _real_main\n    with YoutubeDL(ydl_opts) as ydl:\n  File \"/usr/local/lib/python3.10/dist-packages/yt_dlp/YoutubeDL.py\", line 743, in __init__\n    raise YoutubeDLError(\nyt_dlp.utils.YoutubeDLError: Impersonate target \"chrome-131:windows-10\" is not available. Use --list-impersonate-targets to see available targets. You may be missing dependencies required to support this target.\n"}
{"timestamp":"2025-11-07T22:04:29.087Z","level":"ERROR","message":"[1762553054060_1kxlj03nx] yt-dlp download failed:","error":"yt-dlp exited with code 1"}
{"timestamp":"2025-11-07T22:04:31.397Z","level":"ERROR","message":"[1762553054060_1kxlj03nx] Failed to get video info:","error":"Command failed: yt-dlp https://twitter.com/chancholito/status/1985462729084166333 --dump-json --no-warnings --socket-timeout 15 --impersonate Chrome-131:Windows-10\nTraceback (most recent call last):\n  File \"/usr/local/bin/yt-dlp\", line 8, in <module>\n    sys.exit(main())\n  File \"/usr/local/lib/python3.10/dist-packages/yt_dlp/__init__.py\", line 1066, in main\n    _exit(*variadic(_real_main(argv)))\n  File \"/usr/local/lib/python3.10/dist-packages/yt_dlp/__init__.py\", line 968, in _real_main\n    with YoutubeDL(ydl_opts) as ydl:\n  File \"/usr/local/lib/python3.10/dist-packages/yt_dlp/YoutubeDL.py\", line 743, in __init__\n    raise YoutubeDLError(\nyt_dlp.utils.YoutubeDLError: Impersonate target \"chrome-131:windows-10\" is not available. Use --list-impersonate-targets to see available targets. You may be missing dependencies required to support this target.\n"}
{"timestamp":"2025-11-07T22:04:31.703Z","level":"ERROR","message":"[1762553054060_1kxlj03nx] yt-dlp download failed:","error":"yt-dlp exited with code 1"}
{"timestamp":"2025-11-07T22:04:36.023Z","level":"ERROR","message":"[1762553054060_1kxlj03nx] Failed to get video info:","error":"Command failed: yt-dlp https://twitter.com/chancholito/status/1985462729084166333 --dump-json --no-warnings --socket-timeout 15 --impersonate Chrome-131:Windows-10\nTraceback (most recent call last):\n  File \"/usr/local/bin/yt-dlp\", line 8, in <module>\n    sys.exit(main())\n  File \"/usr/local/lib/python3.10/dist-packages/yt_dlp/__init__.py\", line 1066, in main\n    _exit(*variadic(_real_main(argv)))\n  File \"/usr/local/lib/python3.10/dist-packages/yt_dlp/__init__.py\", line 968, in _real_main\n    with YoutubeDL(ydl_opts) as ydl:\n  File \"/usr/local/lib/python3.10/dist-packages/yt_dlp/YoutubeDL.py\", line 743, in __init__\n    raise YoutubeDLError(\nyt_dlp.utils.YoutubeDLError: Impersonate target \"chrome-131:windows-10\" is not available. Use --list-impersonate-targets to see available targets. You may be missing dependencies required to support this target.\n"}
{"timestamp":"2025-11-07T22:04:36.328Z","level":"ERROR","message":"[1762553054060_1kxlj03nx] yt-dlp download failed:","error":"yt-dlp exited with code 1"}
{"timestamp":"2025-11-07T22:04:37.637Z","level":"ERROR","message":"[1762553054060_1kxlj03nx] Failed to get video info:","error":"Command failed: yt-dlp https://twitter.com/chancholito/status/1985462729084166333 --dump-json --no-warnings --socket-timeout 15 --impersonate Chrome-131:Windows-10\nTraceback (most recent call last):\n  File \"/usr/local/bin/yt-dlp\", line 8, in <module>\n    sys.exit(main())\n  File \"/usr/local/lib/python3.10/dist-packages/yt_dlp/__init__.py\", line 1066, in main\n    _exit(*variadic(_real_main(argv)))\n  File \"/usr/local/lib/python3.10/dist-packages/yt_dlp/__init__.py\", line 968, in _real_main\n    with YoutubeDL(ydl_opts) as ydl:\n  File \"/usr/local/lib/python3.10/dist-packages/yt_dlp/YoutubeDL.py\", line 743, in __init__\n    raise YoutubeDLError(\nyt_dlp.utils.YoutubeDLError: Impersonate target \"chrome-131:windows-10\" is not available. Use --list-impersonate-targets to see available targets. You may be missing dependencies required to support this target.\n"}
{"timestamp":"2025-11-07T22:04:37.945Z","level":"ERROR","message":"[1762553054060_1kxlj03nx] yt-dlp download failed:","error":"yt-dlp exited with code 1"}
{"timestamp":"2025-11-07T22:04:40.254Z","level":"ERROR","message":"[1762553054060_1kxlj03nx] Failed to get video info:","error":"Command failed: yt-dlp https://twitter.com/chancholito/status/1985462729084166333 --dump-json --no-warnings --socket-timeout 15 --impersonate Chrome-131:Windows-10\nTraceback (most recent call last):\n  File \"/usr/local/bin/yt-dlp\", line 8, in <module>\n    sys.exit(main())\n  File \"/usr/local/lib/python3.10/dist-packages/yt_dlp/__init__.py\", line 1066, in main\n    _exit(*variadic(_real_main(argv)))\n  File \"/usr/local/lib/python3.10/dist-packages/yt_dlp/__init__.py\", line 968, in _real_main\n    with YoutubeDL(ydl_opts) as ydl:\n  File \"/usr/local/lib/python3.10/dist-packages/yt_dlp/YoutubeDL.py\", line 743, in __init__\n    raise YoutubeDLError(\nyt_dlp.utils.YoutubeDLError: Impersonate target \"chrome-131:windows-10\" is not available. Use --list-impersonate-targets to see available targets. You may be missing dependencies required to support this target.\n"}
{"timestamp":"2025-11-07T22:04:40.566Z","level":"ERROR","message":"[1762553054060_1kxlj03nx] yt-dlp download failed:","error":"yt-dlp exited with code 1"}
{"timestamp":"2025-11-07T22:04:40.566Z","level":"ERROR","message":"❌ Download failed for https://twitter.com/chancholito/status/1985462729084166333: yt-dlp exited with code 1"}
{"timestamp":"2025-11-07T22:04:40.567Z","level":"ERROR","message":"[1762553054060_1kxlj03nx] Download failed permanently:","error":"yt-dlp exited with code 1"}
{"timestamp":"2025-11-07T23:35:56.510Z","level":"ERROR","message":"[1762558552943_2ukhyhus3] yt-dlp error:","error":"ERROR: [TikTok] 7570130684782644488: Unable to extract webpage video data; please report this issue on  https://github.com/yt-dlp/yt-dlp/issues?q= , filling out the appropriate issue template. Confirm you are on the latest version using  yt-dlp -U\n"}
{"timestamp":"2025-11-07T23:35:56.585Z","level":"ERROR","message":"[1762558552943_2ukhyhus3] yt-dlp download failed:","error":"yt-dlp exited with code 1"}
{"timestamp":"2025-11-08T05:08:07.382Z","level":"ERROR","message":"[1762578485388_gepvb0f8i] Failed to get video info:","error":"Command failed: yt-dlp https://vt.tiktok.com/ZSyxFTB5W/ --dump-json --no-warnings --socket-timeout 15 --impersonate Chrome-131:Android-14\nERROR: [TikTok] 7566075473927720199: Unable to extract webpage video data; please report this issue on  https://github.com/yt-dlp/yt-dlp/issues?q= , filling out the appropriate issue template. Confirm you are on the latest version using  yt-dlp -U\n"}
{"timestamp":"2025-11-08T05:36:27.154Z","level":"ERROR","message":"[1762580183940_vrzk4v5cb] yt-dlp error:","error":"ERROR: [TikTok] 7569993478873107730: Unable to extract webpage video data; please report this issue on  https://github.com/yt-dlp/yt-dlp/issues?q= , filling out the appropriate issue template. Confirm you are on the latest version using  yt-dlp -U\n"}
{"timestamp":"2025-11-08T05:36:27.222Z","level":"ERROR","message":"[1762580183940_vrzk4v5cb] yt-dlp download failed:","error":"yt-dlp exited with code 1"}
